#
# There is insufficient memory for the Java Runtime Environment to continue.
# Native memory allocation (mmap) failed to map 36700160 bytes for Failed to commit area from 0x000000008ad00000 to 0x000000008d000000 of length 36700160.
# Possible reasons:
#   The system is out of physical RAM or swap space
#   The process is running with CompressedOops enabled, and the Java Heap may be blocking the growth of the native heap
# Possible solutions:
#   Reduce memory load on the system
#   Increase physical memory or swap space
#   Check if swap backing store is full
#   Decrease Java heap size (-Xmx/-Xms)
#   Decrease number of Java threads
#   Decrease Java thread stack sizes (-Xss)
#   Set larger code cache with -XX:ReservedCodeCacheSize=
#   JVM is running with Unscaled Compressed Oops mode in which the Java heap is
#     placed in the first 4GB address space. The Java Heap base address is the
#     maximum limit for the native heap growth. Please use -XX:HeapBaseMinAddress
#     to set the Java Heap base and to place the Java Heap above 4GB virtual address.
# This output file may be truncated or incomplete.
#
#  Out of Memory Error (./src/hotspot/os/windows/os_windows.cpp:3619), pid=20932, tid=19824
#
# JRE version: OpenJDK Runtime Environment (11.0.13) (build 11.0.13+0-b1751.21-8125866)
# Java VM: OpenJDK 64-Bit Server VM (11.0.13+0-b1751.21-8125866, mixed mode, tiered, compressed oops, g1 gc, windows-amd64)
# No core dump will be written. Minidumps are not enabled by default on client versions of Windows
#

---------------  S U M M A R Y ------------

Command Line: --add-opens=java.base/java.util=ALL-UNNAMED --add-opens=java.base/java.lang=ALL-UNNAMED --add-opens=java.base/java.lang.invoke=ALL-UNNAMED --add-opens=java.base/java.util=ALL-UNNAMED --add-opens=java.prefs/java.util.prefs=ALL-UNNAMED --add-opens=java.prefs/java.util.prefs=ALL-UNNAMED --add-opens=java.base/java.nio.charset=ALL-UNNAMED --add-opens=java.base/java.net=ALL-UNNAMED --add-opens=java.base/java.util.concurrent.atomic=ALL-UNNAMED -Xmx2048m -Dfile.encoding=UTF-8 -Duser.country=BR -Duser.language=pt -Duser.variant org.gradle.launcher.daemon.bootstrap.GradleDaemon 7.4

Host: AMD Ryzen 5 5600G with Radeon Graphics         , 12 cores, 7G,  Windows 10 , 64 bit Build 19041 (10.0.19041.1889)
Time: Thu Nov 10 14:32:16 2022 Hora oficial do Brasil elapsed time: 7.334595 seconds (0d 0h 0m 7s)

---------------  T H R E A D  ---------------

Current thread (0x0000024b22731000):  VMThread "VM Thread" [stack: 0x00000086f7c00000,0x00000086f7d00000] [id=19824]

Stack: [0x00000086f7c00000,0x00000086f7d00000]
[error occurred during error reporting (printing stack bounds), id 0xc0000005, EXCEPTION_ACCESS_VIOLATION (0xc0000005) at pc=0x0000024b0b1a112d]

Native frames: (J=compiled Java code, j=interpreted, Vv=VM code, C=native code)
V  [jvm.dll+0x6100fa]
V  [jvm.dll+0x747090]
V  [jvm.dll+0x7486ad]
V  [jvm.dll+0x748ce5]
V  [jvm.dll+0x748c9b]
V  [jvm.dll+0x60f224]
V  [jvm.dll+0x60f9b8]
C  [ntdll.dll+0xa241f]
C  [ntdll.dll+0x514a4]
C  [ntdll.dll+0xa0f4e]
C  0x0000024b0b1a112d

VM_Operation (0x00000086f9dfe210): G1CollectForAllocation, mode: safepoint, requested by thread 0x0000024b23db4800


---------------  P R O C E S S  ---------------

Threads class SMR info:
_java_thread_list=0x0000024b2ad39b50, length=182, elements={
0x0000024b0767d800, 0x0000024b22736800, 0x0000024b22737800, 0x0000024b22734000,
0x0000024b22733800, 0x0000024b22732800, 0x0000024b2275a800, 0x0000024b22765800,
0x0000024b2276f800, 0x0000024b22738800, 0x0000024b2332e800, 0x0000024b22739000,
0x0000024b22735000, 0x0000024b22736000, 0x0000024b23db8000, 0x0000024b23db9000,
0x0000024b23db3000, 0x0000024b23db9800, 0x0000024b23db7000, 0x0000024b23db5800,
0x0000024b23db4000, 0x0000024b23db4800, 0x0000024b23db6800, 0x0000024b25a17000,
0x0000024b25a14000, 0x0000024b25a14800, 0x0000024b25a13000, 0x0000024b25a15800,
0x0000024b25a18000, 0x0000024b25a12000, 0x0000024b25a1c000, 0x0000024b26580800,
0x0000024b25a1a800, 0x0000024b25a16000, 0x0000024b25a1d800, 0x0000024b25a1e800,
0x0000024b25a1c800, 0x0000024b25a18800, 0x0000024b25a1f000, 0x0000024b25a19800,
0x0000024b25a20000, 0x0000024b25a21000, 0x0000024b297e4800, 0x0000024b297e6000,
0x0000024b297e5800, 0x0000024b297e7000, 0x0000024b297e2000, 0x0000024b297e3800,
0x0000024b297e1000, 0x0000024b297e7800, 0x0000024b297e8800, 0x0000024b297e3000,
0x0000024b297ea000, 0x0000024b297ef000, 0x0000024b297ee800, 0x0000024b297e9800,
0x0000024b297ec000, 0x0000024b297ed800, 0x0000024b297eb000, 0x0000024b297f0000,
0x0000024b297ec800, 0x0000024b26584800, 0x0000024b26587000, 0x0000024b26586000,
0x0000024b26581800, 0x0000024b26583800, 0x0000024b26585800, 0x0000024b26583000,
0x0000024b26582000, 0x0000024b26588800, 0x0000024b2658b000, 0x0000024b26589800,
0x0000024b2658c800, 0x0000024b2658c000, 0x0000024b2658a800, 0x0000024b2658d800,
0x0000024b26588000, 0x0000024b2658e800, 0x0000024b2658f000, 0x0000024b26590000,
0x0000024b2a915000, 0x0000024b2a917800, 0x0000024b2a919000, 0x0000024b2a916800,
0x0000024b2a918000, 0x0000024b2a91b800, 0x0000024b2a91a000, 0x0000024b2a91a800,
0x0000024b2a915800, 0x0000024b2a91e000, 0x0000024b2a91c800, 0x0000024b2a922000,
0x0000024b2a923000, 0x0000024b2a91e800, 0x0000024b2a91d000, 0x0000024b2a921000,
0x0000024b2a91f800, 0x0000024b2a920800, 0x0000024b2a923800, 0x0000024b269f4000,
0x0000024b269f1800, 0x0000024b269f5000, 0x0000024b269f0000, 0x0000024b269ef800,
0x0000024b269f2800, 0x0000024b269f1000, 0x0000024b269f8800, 0x0000024b269f6000,
0x0000024b269f6800, 0x0000024b269f7800, 0x0000024b269f9000, 0x0000024b269f3800,
0x0000024b269fa000, 0x0000024b269fa800, 0x0000024b269fb800, 0x0000024b269fe000,
0x0000024b269fc800, 0x0000024b269fd000, 0x0000024b29583800, 0x0000024b29584800,
0x0000024b29585000, 0x0000024b29586000, 0x0000024b29587000, 0x0000024b29587800,
0x0000024b29588800, 0x0000024b29582800, 0x0000024b2958b000, 0x0000024b2958b800,
0x0000024b2958e000, 0x0000024b2958f000, 0x0000024b2958c800, 0x0000024b29589000,
0x0000024b29590000, 0x0000024b2958a000, 0x0000024b29590800, 0x0000024b2958d800,
0x0000024b29591800, 0x0000024b29346800, 0x0000024b29348800, 0x0000024b29345000,
0x0000024b29347800, 0x0000024b2934a000, 0x0000024b29349000, 0x0000024b29344000,
0x0000024b2934a800, 0x0000024b2934b800, 0x0000024b29346000, 0x0000024b2934e000,
0x0000024b2934d000, 0x0000024b2934c800, 0x0000024b2934f000, 0x0000024b2934f800,
0x0000024b29351000, 0x0000024b29350800, 0x0000024b29352000, 0x0000024b29353000,
0x0000024b2954b800, 0x0000024b2954e000, 0x0000024b2954b000, 0x0000024b2954f000,
0x0000024b2954c800, 0x0000024b2954f800, 0x0000024b2954d000, 0x0000024b2954a000,
0x0000024b29555800, 0x0000024b29553800, 0x0000024b29550800, 0x0000024b29554800,
0x0000024b29556000, 0x0000024b29557000, 0x0000024b29551800, 0x0000024b29558000,
0x0000024b29552000, 0x0000024b29558800, 0x0000024b29553000, 0x0000024b2c52a000,
0x0000024b2c52f000, 0x0000024b2c530800, 0x0000024b2c52c000, 0x0000024b2c52b000,
0x0000024b2c531800, 0x0000024b2c52e800
}

Java Threads: ( => current thread )
  0x0000024b0767d800 JavaThread "main" [_thread_blocked, id=7392, stack(0x00000086f7600000,0x00000086f7700000)]
  0x0000024b22736800 JavaThread "Reference Handler" daemon [_thread_blocked, id=22104, stack(0x00000086f7d00000,0x00000086f7e00000)]
  0x0000024b22737800 JavaThread "Finalizer" daemon [_thread_blocked, id=18776, stack(0x00000086f7e00000,0x00000086f7f00000)]
  0x0000024b22734000 JavaThread "Signal Dispatcher" daemon [_thread_blocked, id=14444, stack(0x00000086f7f00000,0x00000086f8000000)]
  0x0000024b22733800 JavaThread "Attach Listener" daemon [_thread_blocked, id=21864, stack(0x00000086f8000000,0x00000086f8100000)]
  0x0000024b22732800 JavaThread "Service Thread" daemon [_thread_blocked, id=15304, stack(0x00000086f8100000,0x00000086f8200000)]
  0x0000024b2275a800 JavaThread "C2 CompilerThread0" daemon [_thread_blocked, id=16488, stack(0x00000086f8200000,0x00000086f8300000)]
  0x0000024b22765800 JavaThread "C1 CompilerThread0" daemon [_thread_blocked, id=22132, stack(0x00000086f8300000,0x00000086f8400000)]
  0x0000024b2276f800 JavaThread "Sweeper thread" daemon [_thread_blocked, id=16292, stack(0x00000086f8400000,0x00000086f8500000)]
  0x0000024b22738800 JavaThread "Common-Cleaner" daemon [_thread_blocked, id=17116, stack(0x00000086f8500000,0x00000086f8600000)]
  0x0000024b2332e800 JavaThread "C2 CompilerThread1" daemon [_thread_blocked, id=3676, stack(0x00000086f8700000,0x00000086f8800000)]
  0x0000024b22739000 JavaThread "Daemon health stats" [_thread_blocked, id=9108, stack(0x00000086f8a00000,0x00000086f8b00000)]
  0x0000024b22735000 JavaThread "Incoming local TCP Connector on port 64854" [_thread_in_native, id=17124, stack(0x00000086f8b00000,0x00000086f8c00000)]
  0x0000024b22736000 JavaThread "Daemon periodic checks" [_thread_blocked, id=16248, stack(0x00000086f8c00000,0x00000086f8d00000)]
  0x0000024b23db8000 JavaThread "Daemon" [_thread_blocked, id=5380, stack(0x00000086f8d00000,0x00000086f8e00000)]
  0x0000024b23db9000 JavaThread "Handler for socket connection from /127.0.0.1:64854 to /127.0.0.1:64855" [_thread_in_native, id=14900, stack(0x00000086f8e00000,0x00000086f8f00000)]
  0x0000024b23db3000 JavaThread "Cancel handler" [_thread_blocked, id=20728, stack(0x00000086f8f00000,0x00000086f9000000)]
  0x0000024b23db9800 JavaThread "Daemon worker" [_thread_blocked, id=21556, stack(0x00000086f9000000,0x00000086f9100000)]
  0x0000024b23db7000 JavaThread "Asynchronous log dispatcher for DefaultDaemonConnection: socket connection from /127.0.0.1:64854 to /127.0.0.1:64855" [_thread_blocked, id=18884, stack(0x00000086f9100000,0x00000086f9200000)]
  0x0000024b23db5800 JavaThread "Stdin handler" [_thread_blocked, id=21164, stack(0x00000086f9200000,0x00000086f9300000)]
  0x0000024b23db4000 JavaThread "Daemon client event forwarder" [_thread_blocked, id=22112, stack(0x00000086f9300000,0x00000086f9400000)]
  0x0000024b23db4800 JavaThread "Cache worker for journal cache (C:\Users\Kaue\.gradle\caches\journal-1)" [_thread_blocked, id=19400, stack(0x00000086f9d00000,0x00000086f9e00000)]
  0x0000024b23db6800 JavaThread "File lock request listener" [_thread_in_native, id=1548, stack(0x00000086f9e00000,0x00000086f9f00000)]
  0x0000024b25a17000 JavaThread "Cache worker for file hash cache (C:\Users\Kaue\.gradle\caches\7.4\fileHashes)" [_thread_blocked, id=20800, stack(0x00000086f9f00000,0x00000086fa000000)]
  0x0000024b25a14000 JavaThread "File watcher server" daemon [_thread_blocked, id=9628, stack(0x00000086fa200000,0x00000086fa300000)]
  0x0000024b25a14800 JavaThread "File watcher consumer" daemon [_thread_blocked, id=20960, stack(0x00000086fa300000,0x00000086fa400000)]
  0x0000024b25a13000 JavaThread "Cache worker for checksums cache (C:\Users\Kaue\AndroidStudioProjects\TCC_IFSC_KAUE\.gradle\7.4\checksums)" [_thread_blocked, id=21116, stack(0x00000086f8900000,0x00000086f8a00000)]
  0x0000024b25a15800 JavaThread "Cache worker for cache directory md-rule (C:\Users\Kaue\.gradle\caches\7.4\md-rule)" [_thread_blocked, id=19872, stack(0x00000086fa400000,0x00000086fa500000)]
  0x0000024b25a18000 JavaThread "Cache worker for file hash cache (C:\Users\Kaue\AndroidStudioProjects\TCC_IFSC_KAUE\.gradle\7.4\fileHashes)" [_thread_blocked, id=21388, stack(0x00000086fa500000,0x00000086fa600000)]
  0x0000024b25a12000 JavaThread "Cache worker for cache directory md-supplier (C:\Users\Kaue\.gradle\caches\7.4\md-supplier)" [_thread_blocked, id=20052, stack(0x00000086fa600000,0x00000086fa700000)]
  0x0000024b25a1c000 JavaThread "Cache worker for execution history cache (C:\Users\Kaue\.gradle\caches\7.4\executionHistory)" [_thread_blocked, id=16016, stack(0x00000086fa700000,0x00000086fa800000)]
  0x0000024b26580800 JavaThread "C2 CompilerThread2" daemon [_thread_blocked, id=3796, stack(0x00000086fa800000,0x00000086fa900000)]
  0x0000024b25a1a800 JavaThread "jar transforms" [_thread_blocked, id=15844, stack(0x00000086fa900000,0x00000086faa00000)]
  0x0000024b25a16000 JavaThread "Cache worker for file content cache (C:\Users\Kaue\.gradle\caches\7.4\fileContent)" [_thread_blocked, id=14760, stack(0x00000086faa00000,0x00000086fab00000)]
  0x0000024b25a1d800 JavaThread "jar transforms Thread 2" [_thread_blocked, id=11604, stack(0x00000086fab00000,0x00000086fac00000)]
  0x0000024b25a1e800 JavaThread "Cache worker for dependencies-accessors (C:\Users\Kaue\AndroidStudioProjects\TCC_IFSC_KAUE\.gradle\7.4\dependencies-accessors)" [_thread_blocked, id=19376, stack(0x00000086fac00000,0x00000086fad00000)]
  0x0000024b25a1c800 JavaThread "jar transforms Thread 3" [_thread_blocked, id=12044, stack(0x00000086fad00000,0x00000086fae00000)]
  0x0000024b25a18800 JavaThread "Cache worker for Build Output Cleanup Cache (C:\Users\Kaue\AndroidStudioProjects\TCC_IFSC_KAUE\.gradle\buildOutputCleanup)" [_thread_blocked, id=17708, stack(0x00000086fae00000,0x00000086faf00000)]
  0x0000024b25a1f000 JavaThread "Unconstrained build operations" [_thread_blocked, id=14020, stack(0x00000086faf00000,0x00000086fb000000)]
  0x0000024b25a19800 JavaThread "Unconstrained build operations Thread 2" [_thread_blocked, id=8960, stack(0x00000086fb000000,0x00000086fb100000)]
  0x0000024b25a20000 JavaThread "Unconstrained build operations Thread 3" [_thread_blocked, id=10924, stack(0x00000086fb100000,0x00000086fb200000)]
  0x0000024b25a21000 JavaThread "Unconstrained build operations Thread 4" [_thread_blocked, id=19504, stack(0x00000086fb200000,0x00000086fb300000)]
  0x0000024b297e4800 JavaThread "Unconstrained build operations Thread 5" [_thread_blocked, id=15660, stack(0x00000086fb300000,0x00000086fb400000)]
  0x0000024b297e6000 JavaThread "Unconstrained build operations Thread 6" [_thread_blocked, id=2076, stack(0x00000086fb400000,0x00000086fb500000)]
  0x0000024b297e5800 JavaThread "Unconstrained build operations Thread 7" [_thread_blocked, id=14112, stack(0x00000086fb500000,0x00000086fb600000)]
  0x0000024b297e7000 JavaThread "Unconstrained build operations Thread 8" [_thread_blocked, id=20876, stack(0x00000086fb600000,0x00000086fb700000)]
  0x0000024b297e2000 JavaThread "Unconstrained build operations Thread 9" [_thread_blocked, id=16456, stack(0x00000086fb700000,0x00000086fb800000)]
  0x0000024b297e3800 JavaThread "Unconstrained build operations Thread 10" [_thread_blocked, id=3512, stack(0x00000086fb800000,0x00000086fb900000)]
  0x0000024b297e1000 JavaThread "Unconstrained build operations Thread 11" [_thread_blocked, id=22172, stack(0x00000086fb900000,0x00000086fba00000)]
  0x0000024b297e7800 JavaThread "Unconstrained build operations Thread 12" [_thread_blocked, id=15724, stack(0x00000086fba00000,0x00000086fbb00000)]
  0x0000024b297e8800 JavaThread "Unconstrained build operations Thread 13" [_thread_blocked, id=2460, stack(0x00000086fbb00000,0x00000086fbc00000)]
  0x0000024b297e3000 JavaThread "Unconstrained build operations Thread 14" [_thread_blocked, id=18560, stack(0x00000086fbc00000,0x00000086fbd00000)]
  0x0000024b297ea000 JavaThread "Unconstrained build operations Thread 15" [_thread_blocked, id=5724, stack(0x00000086fbd00000,0x00000086fbe00000)]
  0x0000024b297ef000 JavaThread "Unconstrained build operations Thread 16" [_thread_blocked, id=21088, stack(0x00000086fbe00000,0x00000086fbf00000)]
  0x0000024b297ee800 JavaThread "Unconstrained build operations Thread 17" [_thread_blocked, id=3480, stack(0x00000086fbf00000,0x00000086fc000000)]
  0x0000024b297e9800 JavaThread "Unconstrained build operations Thread 18" [_thread_blocked, id=19740, stack(0x00000086fc000000,0x00000086fc100000)]
  0x0000024b297ec000 JavaThread "Unconstrained build operations Thread 19" [_thread_blocked, id=1300, stack(0x00000086fc100000,0x00000086fc200000)]
  0x0000024b297ed800 JavaThread "Unconstrained build operations Thread 20" [_thread_blocked, id=20572, stack(0x00000086fc200000,0x00000086fc300000)]
  0x0000024b297eb000 JavaThread "Unconstrained build operations Thread 21" [_thread_blocked, id=19904, stack(0x00000086fc300000,0x00000086fc400000)]
  0x0000024b297f0000 JavaThread "Unconstrained build operations Thread 22" [_thread_blocked, id=7588, stack(0x00000086fc400000,0x00000086fc500000)]
  0x0000024b297ec800 JavaThread "Unconstrained build operations Thread 23" [_thread_blocked, id=20008, stack(0x00000086fc500000,0x00000086fc600000)]
  0x0000024b26584800 JavaThread "Unconstrained build operations Thread 24" [_thread_blocked, id=11208, stack(0x00000086fc600000,0x00000086fc700000)]
  0x0000024b26587000 JavaThread "Unconstrained build operations Thread 25" [_thread_blocked, id=15772, stack(0x00000086fc700000,0x00000086fc800000)]
  0x0000024b26586000 JavaThread "Unconstrained build operations Thread 26" [_thread_blocked, id=21128, stack(0x00000086fc800000,0x00000086fc900000)]
  0x0000024b26581800 JavaThread "Unconstrained build operations Thread 27" [_thread_blocked, id=10728, stack(0x00000086fc900000,0x00000086fca00000)]
  0x0000024b26583800 JavaThread "Unconstrained build operations Thread 28" [_thread_blocked, id=20956, stack(0x00000086fca00000,0x00000086fcb00000)]
  0x0000024b26585800 JavaThread "Unconstrained build operations Thread 29" [_thread_blocked, id=3952, stack(0x00000086fcb00000,0x00000086fcc00000)]
  0x0000024b26583000 JavaThread "Unconstrained build operations Thread 30" [_thread_blocked, id=21776, stack(0x00000086fcc00000,0x00000086fcd00000)]
  0x0000024b26582000 JavaThread "Unconstrained build operations Thread 31" [_thread_blocked, id=22176, stack(0x00000086fcd00000,0x00000086fce00000)]
  0x0000024b26588800 JavaThread "Unconstrained build operations Thread 32" [_thread_blocked, id=10492, stack(0x00000086fce00000,0x00000086fcf00000)]
  0x0000024b2658b000 JavaThread "Unconstrained build operations Thread 33" [_thread_blocked, id=12608, stack(0x00000086fcf00000,0x00000086fd000000)]
  0x0000024b26589800 JavaThread "Unconstrained build operations Thread 34" [_thread_blocked, id=20712, stack(0x00000086fd000000,0x00000086fd100000)]
  0x0000024b2658c800 JavaThread "Unconstrained build operations Thread 35" [_thread_blocked, id=16076, stack(0x00000086fd100000,0x00000086fd200000)]
  0x0000024b2658c000 JavaThread "Unconstrained build operations Thread 36" [_thread_blocked, id=18328, stack(0x00000086fd200000,0x00000086fd300000)]
  0x0000024b2658a800 JavaThread "Unconstrained build operations Thread 37" [_thread_blocked, id=2308, stack(0x00000086fd300000,0x00000086fd400000)]
  0x0000024b2658d800 JavaThread "Unconstrained build operations Thread 38" [_thread_blocked, id=6236, stack(0x00000086fd400000,0x00000086fd500000)]
  0x0000024b26588000 JavaThread "Unconstrained build operations Thread 39" [_thread_blocked, id=12148, stack(0x00000086fd500000,0x00000086fd600000)]
  0x0000024b2658e800 JavaThread "Unconstrained build operations Thread 40" [_thread_blocked, id=19188, stack(0x00000086fd600000,0x00000086fd700000)]
  0x0000024b2658f000 JavaThread "Unconstrained build operations Thread 41" [_thread_blocked, id=17112, stack(0x00000086fd700000,0x00000086fd800000)]
  0x0000024b26590000 JavaThread "Unconstrained build operations Thread 42" [_thread_blocked, id=11116, stack(0x00000086fd800000,0x00000086fd900000)]
  0x0000024b2a915000 JavaThread "Unconstrained build operations Thread 43" [_thread_blocked, id=8740, stack(0x00000086fd900000,0x00000086fda00000)]
  0x0000024b2a917800 JavaThread "Unconstrained build operations Thread 44" [_thread_blocked, id=3696, stack(0x00000086fda00000,0x00000086fdb00000)]
  0x0000024b2a919000 JavaThread "Unconstrained build operations Thread 45" [_thread_blocked, id=20036, stack(0x00000086fdb00000,0x00000086fdc00000)]
  0x0000024b2a916800 JavaThread "Unconstrained build operations Thread 46" [_thread_blocked, id=14476, stack(0x00000086fdc00000,0x00000086fdd00000)]
  0x0000024b2a918000 JavaThread "Unconstrained build operations Thread 47" [_thread_blocked, id=12760, stack(0x00000086fdd00000,0x00000086fde00000)]
  0x0000024b2a91b800 JavaThread "Unconstrained build operations Thread 48" [_thread_blocked, id=19220, stack(0x00000086fde00000,0x00000086fdf00000)]
  0x0000024b2a91a000 JavaThread "Unconstrained build operations Thread 49" [_thread_blocked, id=19396, stack(0x00000086fdf00000,0x00000086fe000000)]
  0x0000024b2a91a800 JavaThread "Unconstrained build operations Thread 50" [_thread_blocked, id=948, stack(0x00000086fe000000,0x00000086fe100000)]
  0x0000024b2a915800 JavaThread "Unconstrained build operations Thread 51" [_thread_blocked, id=19032, stack(0x00000086fe100000,0x00000086fe200000)]
  0x0000024b2a91e000 JavaThread "Unconstrained build operations Thread 52" [_thread_blocked, id=16604, stack(0x00000086fe200000,0x00000086fe300000)]
  0x0000024b2a91c800 JavaThread "Unconstrained build operations Thread 53" [_thread_blocked, id=9520, stack(0x00000086fe300000,0x00000086fe400000)]
  0x0000024b2a922000 JavaThread "Unconstrained build operations Thread 54" [_thread_blocked, id=1236, stack(0x00000086fe400000,0x00000086fe500000)]
  0x0000024b2a923000 JavaThread "Unconstrained build operations Thread 55" [_thread_blocked, id=21748, stack(0x00000086fe500000,0x00000086fe600000)]
  0x0000024b2a91e800 JavaThread "Unconstrained build operations Thread 56" [_thread_blocked, id=1136, stack(0x00000086fe600000,0x00000086fe700000)]
  0x0000024b2a91d000 JavaThread "Unconstrained build operations Thread 57" [_thread_blocked, id=9016, stack(0x00000086fe700000,0x00000086fe800000)]
  0x0000024b2a921000 JavaThread "Unconstrained build operations Thread 58" [_thread_blocked, id=13532, stack(0x00000086fe800000,0x00000086fe900000)]
  0x0000024b2a91f800 JavaThread "Unconstrained build operations Thread 59" [_thread_blocked, id=19688, stack(0x00000086fe900000,0x00000086fea00000)]
  0x0000024b2a920800 JavaThread "Unconstrained build operations Thread 60" [_thread_blocked, id=18808, stack(0x00000086fea00000,0x00000086feb00000)]
  0x0000024b2a923800 JavaThread "Unconstrained build operations Thread 61" [_thread_blocked, id=5132, stack(0x00000086feb00000,0x00000086fec00000)]
  0x0000024b269f4000 JavaThread "Unconstrained build operations Thread 62" [_thread_blocked, id=22288, stack(0x00000086fec00000,0x00000086fed00000)]
  0x0000024b269f1800 JavaThread "Unconstrained build operations Thread 63" [_thread_blocked, id=15204, stack(0x00000086fed00000,0x00000086fee00000)]
  0x0000024b269f5000 JavaThread "Unconstrained build operations Thread 64" [_thread_blocked, id=3312, stack(0x00000086fee00000,0x00000086fef00000)]
  0x0000024b269f0000 JavaThread "Unconstrained build operations Thread 65" [_thread_blocked, id=16836, stack(0x00000086fef00000,0x00000086ff000000)]
  0x0000024b269ef800 JavaThread "Unconstrained build operations Thread 66" [_thread_blocked, id=19536, stack(0x00000086ff000000,0x00000086ff100000)]
  0x0000024b269f2800 JavaThread "Unconstrained build operations Thread 67" [_thread_blocked, id=6376, stack(0x00000086ff100000,0x00000086ff200000)]
  0x0000024b269f1000 JavaThread "Unconstrained build operations Thread 68" [_thread_blocked, id=21032, stack(0x00000086ff200000,0x00000086ff300000)]
  0x0000024b269f8800 JavaThread "Unconstrained build operations Thread 69" [_thread_blocked, id=20184, stack(0x00000086ff300000,0x00000086ff400000)]
  0x0000024b269f6000 JavaThread "Unconstrained build operations Thread 70" [_thread_blocked, id=15084, stack(0x00000086ff400000,0x00000086ff500000)]
  0x0000024b269f6800 JavaThread "Unconstrained build operations Thread 71" [_thread_blocked, id=8408, stack(0x00000086ff500000,0x00000086ff600000)]
  0x0000024b269f7800 JavaThread "Unconstrained build operations Thread 72" [_thread_blocked, id=11192, stack(0x00000086ff600000,0x00000086ff700000)]
  0x0000024b269f9000 JavaThread "Unconstrained build operations Thread 73" [_thread_blocked, id=10288, stack(0x00000086ff700000,0x00000086ff800000)]
  0x0000024b269f3800 JavaThread "Unconstrained build operations Thread 74" [_thread_blocked, id=13072, stack(0x00000086ff800000,0x00000086ff900000)]
  0x0000024b269fa000 JavaThread "Unconstrained build operations Thread 75" [_thread_blocked, id=20584, stack(0x00000086ff900000,0x00000086ffa00000)]
  0x0000024b269fa800 JavaThread "Unconstrained build operations Thread 76" [_thread_blocked, id=11504, stack(0x00000086ffa00000,0x00000086ffb00000)]
  0x0000024b269fb800 JavaThread "Unconstrained build operations Thread 77" [_thread_blocked, id=15952, stack(0x00000086ffb00000,0x00000086ffc00000)]
  0x0000024b269fe000 JavaThread "Unconstrained build operations Thread 78" [_thread_blocked, id=5156, stack(0x00000086ffc00000,0x00000086ffd00000)]
  0x0000024b269fc800 JavaThread "Unconstrained build operations Thread 79" [_thread_blocked, id=9080, stack(0x00000086ffd00000,0x00000086ffe00000)]
  0x0000024b269fd000 JavaThread "Unconstrained build operations Thread 80" [_thread_blocked, id=21528, stack(0x00000086ffe00000,0x00000086fff00000)]
  0x0000024b29583800 JavaThread "Unconstrained build operations Thread 81" [_thread_blocked, id=2768, stack(0x00000086fff00000,0x0000008700000000)]
  0x0000024b29584800 JavaThread "Unconstrained build operations Thread 82" [_thread_blocked, id=14072, stack(0x0000008680000000,0x0000008680100000)]
  0x0000024b29585000 JavaThread "Unconstrained build operations Thread 83" [_thread_blocked, id=20160, stack(0x0000008680100000,0x0000008680200000)]
  0x0000024b29586000 JavaThread "Unconstrained build operations Thread 84" [_thread_blocked, id=21568, stack(0x0000008680200000,0x0000008680300000)]
  0x0000024b29587000 JavaThread "Unconstrained build operations Thread 85" [_thread_blocked, id=3096, stack(0x0000008680300000,0x0000008680400000)]
  0x0000024b29587800 JavaThread "Unconstrained build operations Thread 86" [_thread_blocked, id=21356, stack(0x0000008680400000,0x0000008680500000)]
  0x0000024b29588800 JavaThread "Unconstrained build operations Thread 87" [_thread_blocked, id=2284, stack(0x0000008680500000,0x0000008680600000)]
  0x0000024b29582800 JavaThread "Unconstrained build operations Thread 88" [_thread_blocked, id=13952, stack(0x0000008680600000,0x0000008680700000)]
  0x0000024b2958b000 JavaThread "Unconstrained build operations Thread 89" [_thread_blocked, id=8032, stack(0x0000008680700000,0x0000008680800000)]
  0x0000024b2958b800 JavaThread "Unconstrained build operations Thread 90" [_thread_blocked, id=17980, stack(0x0000008680800000,0x0000008680900000)]
  0x0000024b2958e000 JavaThread "Unconstrained build operations Thread 91" [_thread_blocked, id=12220, stack(0x0000008680900000,0x0000008680a00000)]
  0x0000024b2958f000 JavaThread "Unconstrained build operations Thread 92" [_thread_blocked, id=424, stack(0x0000008680a00000,0x0000008680b00000)]
  0x0000024b2958c800 JavaThread "Unconstrained build operations Thread 93" [_thread_blocked, id=8440, stack(0x0000008680b00000,0x0000008680c00000)]
  0x0000024b29589000 JavaThread "Unconstrained build operations Thread 94" [_thread_blocked, id=21200, stack(0x0000008680c00000,0x0000008680d00000)]
  0x0000024b29590000 JavaThread "Unconstrained build operations Thread 95" [_thread_blocked, id=20012, stack(0x0000008680d00000,0x0000008680e00000)]
  0x0000024b2958a000 JavaThread "Unconstrained build operations Thread 96" [_thread_blocked, id=22180, stack(0x0000008680e00000,0x0000008680f00000)]
  0x0000024b29590800 JavaThread "Unconstrained build operations Thread 97" [_thread_blocked, id=4008, stack(0x0000008680f00000,0x0000008681000000)]
  0x0000024b2958d800 JavaThread "Unconstrained build operations Thread 98" [_thread_blocked, id=11356, stack(0x0000008681000000,0x0000008681100000)]
  0x0000024b29591800 JavaThread "Unconstrained build operations Thread 99" [_thread_blocked, id=4744, stack(0x0000008681100000,0x0000008681200000)]
  0x0000024b29346800 JavaThread "Unconstrained build operations Thread 100" [_thread_blocked, id=14888, stack(0x0000008681200000,0x0000008681300000)]
  0x0000024b29348800 JavaThread "Unconstrained build operations Thread 101" [_thread_blocked, id=18016, stack(0x0000008681300000,0x0000008681400000)]
  0x0000024b29345000 JavaThread "Unconstrained build operations Thread 102" [_thread_blocked, id=21772, stack(0x0000008681400000,0x0000008681500000)]
  0x0000024b29347800 JavaThread "Unconstrained build operations Thread 103" [_thread_blocked, id=19040, stack(0x0000008681500000,0x0000008681600000)]
  0x0000024b2934a000 JavaThread "Unconstrained build operations Thread 104" [_thread_blocked, id=22484, stack(0x0000008681600000,0x0000008681700000)]
  0x0000024b29349000 JavaThread "Unconstrained build operations Thread 105" [_thread_blocked, id=7224, stack(0x0000008681700000,0x0000008681800000)]
  0x0000024b29344000 JavaThread "Unconstrained build operations Thread 106" [_thread_blocked, id=1212, stack(0x0000008681800000,0x0000008681900000)]
  0x0000024b2934a800 JavaThread "Unconstrained build operations Thread 107" [_thread_blocked, id=21068, stack(0x0000008681900000,0x0000008681a00000)]
  0x0000024b2934b800 JavaThread "Unconstrained build operations Thread 108" [_thread_blocked, id=19160, stack(0x0000008681a00000,0x0000008681b00000)]
  0x0000024b29346000 JavaThread "Unconstrained build operations Thread 109" [_thread_blocked, id=20564, stack(0x0000008681b00000,0x0000008681c00000)]
  0x0000024b2934e000 JavaThread "Unconstrained build operations Thread 110" [_thread_blocked, id=22060, stack(0x0000008681c00000,0x0000008681d00000)]
  0x0000024b2934d000 JavaThread "Unconstrained build operations Thread 111" [_thread_blocked, id=8760, stack(0x0000008681d00000,0x0000008681e00000)]
  0x0000024b2934c800 JavaThread "Unconstrained build operations Thread 112" [_thread_blocked, id=8616, stack(0x0000008681e00000,0x0000008681f00000)]
  0x0000024b2934f000 JavaThread "Unconstrained build operations Thread 113" [_thread_blocked, id=13040, stack(0x0000008681f00000,0x0000008682000000)]
  0x0000024b2934f800 JavaThread "Unconstrained build operations Thread 114" [_thread_blocked, id=21636, stack(0x0000008682000000,0x0000008682100000)]
  0x0000024b29351000 JavaThread "Unconstrained build operations Thread 115" [_thread_blocked, id=6588, stack(0x0000008682100000,0x0000008682200000)]
  0x0000024b29350800 JavaThread "Unconstrained build operations Thread 116" [_thread_blocked, id=21584, stack(0x0000008682200000,0x0000008682300000)]
  0x0000024b29352000 JavaThread "Unconstrained build operations Thread 117" [_thread_blocked, id=21332, stack(0x0000008682300000,0x0000008682400000)]
  0x0000024b29353000 JavaThread "Unconstrained build operations Thread 118" [_thread_blocked, id=13572, stack(0x0000008682400000,0x0000008682500000)]
  0x0000024b2954b800 JavaThread "Unconstrained build operations Thread 119" [_thread_blocked, id=12848, stack(0x0000008682500000,0x0000008682600000)]
  0x0000024b2954e000 JavaThread "Unconstrained build operations Thread 120" [_thread_blocked, id=21680, stack(0x0000008682600000,0x0000008682700000)]
  0x0000024b2954b000 JavaThread "jar transforms Thread 4" [_thread_blocked, id=12032, stack(0x0000008682700000,0x0000008682800000)]
  0x0000024b2954f000 JavaThread "jar transforms Thread 5" [_thread_blocked, id=13000, stack(0x0000008682800000,0x0000008682900000)]
  0x0000024b2954c800 JavaThread "jar transforms Thread 6" [_thread_blocked, id=14480, stack(0x0000008682900000,0x0000008682a00000)]
  0x0000024b2954f800 JavaThread "jar transforms Thread 7" [_thread_blocked, id=5624, stack(0x0000008682a00000,0x0000008682b00000)]
  0x0000024b2954d000 JavaThread "jar transforms Thread 8" [_thread_blocked, id=19316, stack(0x0000008682b00000,0x0000008682c00000)]
  0x0000024b2954a000 JavaThread "jar transforms Thread 9" [_thread_blocked, id=20596, stack(0x0000008682c00000,0x0000008682d00000)]
  0x0000024b29555800 JavaThread "jar transforms Thread 10" [_thread_blocked, id=14980, stack(0x0000008682d00000,0x0000008682e00000)]
  0x0000024b29553800 JavaThread "jar transforms Thread 11" [_thread_blocked, id=8544, stack(0x0000008682e00000,0x0000008682f00000)]
  0x0000024b29550800 JavaThread "jar transforms Thread 12" [_thread_blocked, id=20236, stack(0x0000008682f00000,0x0000008683000000)]
  0x0000024b29554800 JavaThread "Memory manager" [_thread_blocked, id=7772, stack(0x0000008683000000,0x0000008683100000)]
  0x0000024b29556000 JavaThread "build event listener" [_thread_blocked, id=20004, stack(0x0000008683100000,0x0000008683200000)]
  0x0000024b29557000 JavaThread "included builds" [_thread_blocked, id=9976, stack(0x0000008683200000,0x0000008683300000)]
  0x0000024b29551800 JavaThread "Execution worker for ':'" [_thread_blocked, id=7916, stack(0x0000008683300000,0x0000008683400000)]
  0x0000024b29558000 JavaThread "Execution worker for ':' Thread 2" [_thread_blocked, id=21468, stack(0x0000008683400000,0x0000008683500000)]
  0x0000024b29552000 JavaThread "Execution worker for ':' Thread 3" [_thread_blocked, id=8020, stack(0x0000008683500000,0x0000008683600000)]
  0x0000024b29558800 JavaThread "Execution worker for ':' Thread 4" [_thread_blocked, id=19080, stack(0x0000008683600000,0x0000008683700000)]
  0x0000024b29553000 JavaThread "Execution worker for ':' Thread 5" [_thread_blocked, id=19288, stack(0x0000008683700000,0x0000008683800000)]
  0x0000024b2c52a000 JavaThread "Execution worker for ':' Thread 6" [_thread_blocked, id=17860, stack(0x0000008683800000,0x0000008683900000)]
  0x0000024b2c52f000 JavaThread "Execution worker for ':' Thread 7" [_thread_blocked, id=21340, stack(0x0000008683900000,0x0000008683a00000)]
  0x0000024b2c530800 JavaThread "Execution worker for ':' Thread 8" [_thread_blocked, id=19440, stack(0x0000008683a00000,0x0000008683b00000)]
  0x0000024b2c52c000 JavaThread "Execution worker for ':' Thread 9" [_thread_blocked, id=11320, stack(0x0000008683b00000,0x0000008683c00000)]
  0x0000024b2c52b000 JavaThread "Execution worker for ':' Thread 10" [_thread_blocked, id=18388, stack(0x0000008683c00000,0x0000008683d00000)]
  0x0000024b2c531800 JavaThread "Execution worker for ':' Thread 11" [_thread_blocked, id=16664, stack(0x0000008683d00000,0x0000008683e00000)]
  0x0000024b2c52e800 JavaThread "Cache worker for execution history cache (C:\Users\Kaue\AndroidStudioProjects\TCC_IFSC_KAUE\.gradle\7.4\executionHistory)" [_thread_blocked, id=18132, stack(0x0000008683e00000,0x0000008683f00000)]

Other Threads:
=>0x0000024b22731000 VMThread "VM Thread" [stack: 0x00000086f7c00000,0x00000086f7d00000] [id=19824]
  0x0000024b2326c800 WatcherThread [stack: 0x00000086f8600000,0x00000086f8700000] [id=13344]
  0x0000024b07695000 GCTaskThread "GC Thread#0" [stack: 0x00000086f7700000,0x00000086f7800000] [id=13420]
  0x0000024b23753800 GCTaskThread "GC Thread#1" [stack: 0x00000086f8800000,0x00000086f8900000] [id=20376]
  0x0000024b263ad000 GCTaskThread "GC Thread#2" [stack: 0x00000086f9400000,0x00000086f9500000] [id=21600]
  0x0000024b23fa6000 GCTaskThread "GC Thread#3" [stack: 0x00000086f9500000,0x00000086f9600000] [id=1692]
  0x0000024b24c67800 GCTaskThread "GC Thread#4" [stack: 0x00000086f9600000,0x00000086f9700000] [id=20560]
  0x0000024b24b99000 GCTaskThread "GC Thread#5" [stack: 0x00000086f9700000,0x00000086f9800000] [id=992]
  0x0000024b25d8e000 GCTaskThread "GC Thread#6" [stack: 0x00000086f9800000,0x00000086f9900000] [id=17328]
  0x0000024b2451e000 GCTaskThread "GC Thread#7" [stack: 0x00000086f9900000,0x00000086f9a00000] [id=852]
  0x0000024b25714800 GCTaskThread "GC Thread#8" [stack: 0x00000086f9a00000,0x00000086f9b00000] [id=6596]
  0x0000024b25e35000 GCTaskThread "GC Thread#9" [stack: 0x00000086f9b00000,0x00000086f9c00000] [id=9304]
  0x0000024b076c8000 ConcurrentGCThread "G1 Main Marker" [stack: 0x00000086f7800000,0x00000086f7900000] [id=6768]
  0x0000024b076c9000 ConcurrentGCThread "G1 Conc#0" [stack: 0x00000086f7900000,0x00000086f7a00000] [id=11820]
  0x0000024b245ac800 ConcurrentGCThread "G1 Conc#1" [stack: 0x00000086fa000000,0x00000086fa100000] [id=9824]
  0x0000024b240c7800 ConcurrentGCThread "G1 Conc#2" [stack: 0x00000086fa100000,0x00000086fa200000] [id=2468]
  0x0000024b22580800 ConcurrentGCThread "G1 Refine#0" [stack: 0x00000086f7a00000,0x00000086f7b00000] [id=11032]
  0x0000024b23ea5800 ConcurrentGCThread "G1 Refine#1" [stack: 0x00000086f9c00000,0x00000086f9d00000] [id=7760]
  0x0000024b22581000 ConcurrentGCThread "G1 Young RemSet Sampling" [stack: 0x00000086f7b00000,0x00000086f7c00000] [id=21880]

Threads with active compile tasks:
C2 CompilerThread0   7352 9660       4       org.gradle.internal.hash.HashCode::fromBytes (50 bytes)
C1 CompilerThread0   7352 9668       3       com.google.common.collect.ImmutableSet::copyOf (52 bytes)
C2 CompilerThread1   7352 9557       4       org.gradle.cache.internal.btree.CachingBlockStore::read (56 bytes)
C2 CompilerThread2   7352 9494       4       org.gradle.cache.internal.btree.FreeListBlockStore::read (12 bytes)

VM state:at safepoint (normal execution)

VM Mutex/Monitor currently owned by a thread:  ([mutex/lock_event])
[0x0000024b07679b20] Threads_lock - owner thread: 0x0000024b22731000
[0x0000024b0767a9c0] Heap_lock - owner thread: 0x0000024b23db4800

Heap address: 0x0000000080000000, size: 2048 MB, Compressed Oops mode: 32-bit
Narrow klass base: 0x0000000000000000, Narrow klass shift: 3
Compressed class space size: 1073741824 Address: 0x0000000100000000

Heap:
 garbage-first heap   total 212992K, used 84069K [0x0000000080000000, 0x0000000100000000)
  region size 1024K, 9 young (9216K), 9 survivors (9216K)
 Metaspace       used 88178K, capacity 90566K, committed 90792K, reserved 1128448K
  class space    used 11525K, capacity 12442K, committed 12504K, reserved 1048576K
Heap Regions: E=young(eden), S=young(survivor), O=old, HS=humongous(starts), HC=humongous(continues), CS=collection set, F=free, A=archive, TAMS=top-at-mark-start (previous, next)
|   0|0x0000000080000000, 0x0000000080100000, 0x0000000080100000|100%| O|  |TAMS 0x0000000080100000, 0x0000000080000000| Untracked 
|   1|0x0000000080100000, 0x0000000080200000, 0x0000000080200000|100%| O|  |TAMS 0x0000000080200000, 0x0000000080100000| Untracked 
|   2|0x0000000080200000, 0x0000000080300000, 0x0000000080300000|100%| O|  |TAMS 0x0000000080300000, 0x0000000080200000| Untracked 
|   3|0x0000000080300000, 0x0000000080400000, 0x0000000080400000|100%|HS|  |TAMS 0x0000000080400000, 0x0000000080300000| Complete 
|   4|0x0000000080400000, 0x0000000080500000, 0x0000000080500000|100%|HC|  |TAMS 0x0000000080500000, 0x0000000080400000| Complete 
|   5|0x0000000080500000, 0x0000000080600000, 0x0000000080600000|100%|HC|  |TAMS 0x0000000080600000, 0x0000000080500000| Complete 
|   6|0x0000000080600000, 0x0000000080700000, 0x0000000080700000|100%| O|  |TAMS 0x0000000080700000, 0x0000000080600000| Untracked 
|   7|0x0000000080700000, 0x0000000080800000, 0x0000000080800000|100%| O|  |TAMS 0x0000000080800000, 0x0000000080700000| Untracked 
|   8|0x0000000080800000, 0x0000000080900000, 0x0000000080900000|100%| O|  |TAMS 0x0000000080900000, 0x0000000080800000| Untracked 
|   9|0x0000000080900000, 0x0000000080a00000, 0x0000000080a00000|100%| O|  |TAMS 0x0000000080a00000, 0x0000000080900000| Untracked 
|  10|0x0000000080a00000, 0x0000000080b00000, 0x0000000080b00000|100%| O|  |TAMS 0x0000000080b00000, 0x0000000080a00000| Untracked 
|  11|0x0000000080b00000, 0x0000000080c00000, 0x0000000080c00000|100%| O|  |TAMS 0x0000000080c00000, 0x0000000080b00000| Untracked 
|  12|0x0000000080c00000, 0x0000000080d00000, 0x0000000080d00000|100%| O|  |TAMS 0x0000000080d00000, 0x0000000080c00000| Untracked 
|  13|0x0000000080d00000, 0x0000000080e00000, 0x0000000080e00000|100%| O|  |TAMS 0x0000000080e00000, 0x0000000080d00000| Untracked 
|  14|0x0000000080e00000, 0x0000000080f00000, 0x0000000080f00000|100%| O|  |TAMS 0x0000000080f00000, 0x0000000080e00000| Untracked 
|  15|0x0000000080f00000, 0x0000000081000000, 0x0000000081000000|100%| O|  |TAMS 0x0000000081000000, 0x0000000080f00000| Untracked 
|  16|0x0000000081000000, 0x0000000081100000, 0x0000000081100000|100%| O|  |TAMS 0x0000000081100000, 0x0000000081000000| Untracked 
|  17|0x0000000081100000, 0x0000000081200000, 0x0000000081200000|100%| O|  |TAMS 0x0000000081200000, 0x0000000081100000| Untracked 
|  18|0x0000000081200000, 0x0000000081300000, 0x0000000081300000|100%| O|  |TAMS 0x0000000081300000, 0x0000000081200000| Untracked 
|  19|0x0000000081300000, 0x0000000081400000, 0x0000000081400000|100%| O|  |TAMS 0x0000000081400000, 0x0000000081300000| Untracked 
|  20|0x0000000081400000, 0x0000000081500000, 0x0000000081500000|100%| O|  |TAMS 0x0000000081500000, 0x0000000081400000| Untracked 
|  21|0x0000000081500000, 0x0000000081600000, 0x0000000081600000|100%| O|  |TAMS 0x0000000081600000, 0x0000000081500000| Untracked 
|  22|0x0000000081600000, 0x0000000081700000, 0x0000000081700000|100%| O|  |TAMS 0x0000000081700000, 0x0000000081600000| Untracked 
|  23|0x0000000081700000, 0x0000000081800000, 0x0000000081800000|100%| O|  |TAMS 0x0000000081800000, 0x0000000081700000| Untracked 
|  24|0x0000000081800000, 0x0000000081900000, 0x0000000081900000|100%| O|  |TAMS 0x0000000081900000, 0x0000000081800000| Untracked 
|  25|0x0000000081900000, 0x0000000081a00000, 0x0000000081a00000|100%| O|  |TAMS 0x0000000081a00000, 0x0000000081900000| Untracked 
|  26|0x0000000081a00000, 0x0000000081b00000, 0x0000000081b00000|100%| O|  |TAMS 0x0000000081b00000, 0x0000000081a00000| Untracked 
|  27|0x0000000081b00000, 0x0000000081c00000, 0x0000000081c00000|100%|HS|  |TAMS 0x0000000081c00000, 0x0000000081b00000| Complete 
|  28|0x0000000081c00000, 0x0000000081d00000, 0x0000000081d00000|100%|HS|  |TAMS 0x0000000081d00000, 0x0000000081c00000| Complete 
|  29|0x0000000081d00000, 0x0000000081e00000, 0x0000000081e00000|100%|HS|  |TAMS 0x0000000081e00000, 0x0000000081d00000| Complete 
|  30|0x0000000081e00000, 0x0000000081f00000, 0x0000000081f00000|100%|HS|  |TAMS 0x0000000081f00000, 0x0000000081e00000| Complete 
|  31|0x0000000081f00000, 0x0000000082000000, 0x0000000082000000|100%|HC|  |TAMS 0x0000000082000000, 0x0000000081f00000| Complete 
|  32|0x0000000082000000, 0x0000000082100000, 0x0000000082100000|100%|HC|  |TAMS 0x0000000082100000, 0x0000000082000000| Complete 
|  33|0x0000000082100000, 0x0000000082200000, 0x0000000082200000|100%| O|  |TAMS 0x0000000082200000, 0x0000000082100000| Untracked 
|  34|0x0000000082200000, 0x0000000082300000, 0x0000000082300000|100%|HS|  |TAMS 0x0000000082300000, 0x0000000082200000| Complete 
|  35|0x0000000082300000, 0x0000000082400000, 0x0000000082400000|100%|HC|  |TAMS 0x0000000082400000, 0x0000000082300000| Complete 
|  36|0x0000000082400000, 0x0000000082500000, 0x0000000082500000|100%| O|  |TAMS 0x0000000082500000, 0x0000000082400000| Untracked 
|  37|0x0000000082500000, 0x0000000082600000, 0x0000000082600000|100%| O|  |TAMS 0x0000000082600000, 0x0000000082500000| Untracked 
|  38|0x0000000082600000, 0x0000000082700000, 0x0000000082700000|100%| O|  |TAMS 0x0000000082700000, 0x0000000082600000| Untracked 
|  39|0x0000000082700000, 0x0000000082800000, 0x0000000082800000|100%| O|  |TAMS 0x0000000082800000, 0x0000000082700000| Untracked 
|  40|0x0000000082800000, 0x0000000082900000, 0x0000000082900000|100%| O|  |TAMS 0x0000000082900000, 0x0000000082800000| Untracked 
|  41|0x0000000082900000, 0x0000000082a00000, 0x0000000082a00000|100%| O|  |TAMS 0x0000000082a00000, 0x0000000082900000| Untracked 
|  42|0x0000000082a00000, 0x0000000082b00000, 0x0000000082b00000|100%| O|  |TAMS 0x0000000082b00000, 0x0000000082a00000| Untracked 
|  43|0x0000000082b00000, 0x0000000082c00000, 0x0000000082c00000|100%| O|  |TAMS 0x0000000082c00000, 0x0000000082b00000| Untracked 
|  44|0x0000000082c00000, 0x0000000082d00000, 0x0000000082d00000|100%| O|  |TAMS 0x0000000082d00000, 0x0000000082c00000| Untracked 
|  45|0x0000000082d00000, 0x0000000082e00000, 0x0000000082e00000|100%| O|  |TAMS 0x0000000082e00000, 0x0000000082d00000| Untracked 
|  46|0x0000000082e00000, 0x0000000082f00000, 0x0000000082f00000|100%| O|  |TAMS 0x0000000082f00000, 0x0000000082e00000| Untracked 
|  47|0x0000000082f00000, 0x0000000083000000, 0x0000000083000000|100%| O|  |TAMS 0x0000000083000000, 0x0000000082f00000| Untracked 
|  48|0x0000000083000000, 0x0000000083100000, 0x0000000083100000|100%| O|  |TAMS 0x0000000083100000, 0x0000000083000000| Untracked 
|  49|0x0000000083100000, 0x0000000083200000, 0x0000000083200000|100%| O|  |TAMS 0x00000000831a2a00, 0x0000000083100000| Untracked 
|  50|0x0000000083200000, 0x0000000083300000, 0x0000000083300000|100%| O|  |TAMS 0x0000000083200000, 0x0000000083200000| Untracked 
|  51|0x0000000083300000, 0x0000000083400000, 0x0000000083400000|100%| O|  |TAMS 0x0000000083300000, 0x0000000083300000| Untracked 
|  52|0x0000000083400000, 0x0000000083500000, 0x0000000083500000|100%| O|  |TAMS 0x0000000083400000, 0x0000000083400000| Untracked 
|  53|0x0000000083500000, 0x0000000083600000, 0x0000000083600000|100%| O|  |TAMS 0x0000000083500000, 0x0000000083500000| Untracked 
|  54|0x0000000083600000, 0x0000000083700000, 0x0000000083700000|100%| O|  |TAMS 0x0000000083600000, 0x0000000083600000| Untracked 
|  55|0x0000000083700000, 0x0000000083800000, 0x0000000083800000|100%| O|  |TAMS 0x0000000083700000, 0x0000000083700000| Untracked 
|  56|0x0000000083800000, 0x0000000083900000, 0x0000000083900000|100%| O|  |TAMS 0x0000000083800000, 0x0000000083800000| Untracked 
|  57|0x0000000083900000, 0x0000000083a00000, 0x0000000083a00000|100%| O|  |TAMS 0x0000000083900000, 0x0000000083900000| Untracked 
|  58|0x0000000083a00000, 0x0000000083b00000, 0x0000000083b00000|100%| O|  |TAMS 0x0000000083a00000, 0x0000000083a00000| Untracked 
|  59|0x0000000083b00000, 0x0000000083c00000, 0x0000000083c00000|100%| O|  |TAMS 0x0000000083b00000, 0x0000000083b00000| Untracked 
|  60|0x0000000083c00000, 0x0000000083d00000, 0x0000000083d00000|100%| O|  |TAMS 0x0000000083c00000, 0x0000000083c00000| Untracked 
|  61|0x0000000083d00000, 0x0000000083e00000, 0x0000000083e00000|100%| O|  |TAMS 0x0000000083d00000, 0x0000000083d00000| Untracked 
|  62|0x0000000083e00000, 0x0000000083f00000, 0x0000000083f00000|100%| O|  |TAMS 0x0000000083e00000, 0x0000000083e00000| Untracked 
|  63|0x0000000083f00000, 0x0000000084000000, 0x0000000084000000|100%| O|  |TAMS 0x0000000083f00000, 0x0000000083f00000| Untracked 
|  64|0x0000000084000000, 0x0000000084100000, 0x0000000084100000|100%| O|  |TAMS 0x0000000084000000, 0x0000000084000000| Untracked 
|  65|0x0000000084100000, 0x0000000084200000, 0x0000000084200000|100%| O|  |TAMS 0x0000000084100000, 0x0000000084100000| Untracked 
|  66|0x0000000084200000, 0x0000000084300000, 0x0000000084300000|100%| O|  |TAMS 0x0000000084200000, 0x0000000084200000| Untracked 
|  67|0x0000000084300000, 0x0000000084400000, 0x0000000084400000|100%| O|  |TAMS 0x0000000084300000, 0x0000000084300000| Untracked 
|  68|0x0000000084400000, 0x0000000084500000, 0x0000000084500000|100%| O|  |TAMS 0x0000000084400000, 0x0000000084400000| Untracked 
|  69|0x0000000084500000, 0x0000000084600000, 0x0000000084600000|100%| O|  |TAMS 0x0000000084500000, 0x0000000084500000| Untracked 
|  70|0x0000000084600000, 0x0000000084700000, 0x0000000084700000|100%| O|  |TAMS 0x0000000084600000, 0x0000000084600000| Untracked 
|  71|0x0000000084700000, 0x0000000084800000, 0x0000000084800000|100%| O|  |TAMS 0x0000000084700000, 0x0000000084700000| Untracked 
|  72|0x0000000084800000, 0x0000000084900000, 0x0000000084900000|100%| O|  |TAMS 0x0000000084800000, 0x0000000084800000| Untracked 
|  73|0x0000000084900000, 0x00000000849cb200, 0x0000000084a00000| 79%| O|  |TAMS 0x0000000084900000, 0x0000000084900000| Untracked 
|  74|0x0000000084a00000, 0x0000000084a00000, 0x0000000084b00000|  0%| F|  |TAMS 0x0000000084a00000, 0x0000000084a00000| Untracked 
|  75|0x0000000084b00000, 0x0000000084b00000, 0x0000000084c00000|  0%| F|  |TAMS 0x0000000084b00000, 0x0000000084b00000| Untracked 
|  76|0x0000000084c00000, 0x0000000084c00000, 0x0000000084d00000|  0%| F|  |TAMS 0x0000000084c00000, 0x0000000084c00000| Untracked 
|  77|0x0000000084d00000, 0x0000000084d00000, 0x0000000084e00000|  0%| F|  |TAMS 0x0000000084d00000, 0x0000000084d00000| Untracked 
|  78|0x0000000084e00000, 0x0000000084e00000, 0x0000000084f00000|  0%| F|  |TAMS 0x0000000084e00000, 0x0000000084e00000| Untracked 
|  79|0x0000000084f00000, 0x0000000084f00000, 0x0000000085000000|  0%| F|  |TAMS 0x0000000084f00000, 0x0000000084f00000| Untracked 
|  80|0x0000000085000000, 0x0000000085000000, 0x0000000085100000|  0%| F|  |TAMS 0x0000000085000000, 0x0000000085000000| Untracked 
|  81|0x0000000085100000, 0x0000000085100000, 0x0000000085200000|  0%| F|  |TAMS 0x0000000085100000, 0x0000000085100000| Untracked 
|  82|0x0000000085200000, 0x0000000085200000, 0x0000000085300000|  0%| F|  |TAMS 0x0000000085200000, 0x0000000085200000| Untracked 
|  83|0x0000000085300000, 0x0000000085300000, 0x0000000085400000|  0%| F|  |TAMS 0x0000000085300000, 0x0000000085300000| Untracked 
|  84|0x0000000085400000, 0x0000000085400000, 0x0000000085500000|  0%| F|  |TAMS 0x0000000085400000, 0x0000000085400000| Untracked 
|  85|0x0000000085500000, 0x0000000085500000, 0x0000000085600000|  0%| F|  |TAMS 0x0000000085500000, 0x0000000085500000| Untracked 
|  86|0x0000000085600000, 0x0000000085600000, 0x0000000085700000|  0%| F|  |TAMS 0x0000000085600000, 0x0000000085600000| Untracked 
|  87|0x0000000085700000, 0x0000000085700000, 0x0000000085800000|  0%| F|  |TAMS 0x0000000085700000, 0x0000000085700000| Untracked 
|  88|0x0000000085800000, 0x0000000085800000, 0x0000000085900000|  0%| F|  |TAMS 0x0000000085800000, 0x0000000085800000| Untracked 
|  89|0x0000000085900000, 0x0000000085900000, 0x0000000085a00000|  0%| F|  |TAMS 0x0000000085900000, 0x0000000085900000| Untracked 
|  90|0x0000000085a00000, 0x0000000085a00000, 0x0000000085b00000|  0%| F|  |TAMS 0x0000000085a00000, 0x0000000085a00000| Untracked 
|  91|0x0000000085b00000, 0x0000000085b00000, 0x0000000085c00000|  0%| F|  |TAMS 0x0000000085b00000, 0x0000000085b00000| Untracked 
|  92|0x0000000085c00000, 0x0000000085c00000, 0x0000000085d00000|  0%| F|  |TAMS 0x0000000085c00000, 0x0000000085c00000| Untracked 
|  93|0x0000000085d00000, 0x0000000085d00000, 0x0000000085e00000|  0%| F|  |TAMS 0x0000000085d00000, 0x0000000085d00000| Untracked 
|  94|0x0000000085e00000, 0x0000000085e00000, 0x0000000085f00000|  0%| F|  |TAMS 0x0000000085e00000, 0x0000000085e00000| Untracked 
|  95|0x0000000085f00000, 0x0000000085f00000, 0x0000000086000000|  0%| F|  |TAMS 0x0000000085f00000, 0x0000000085f00000| Untracked 
|  96|0x0000000086000000, 0x0000000086000000, 0x0000000086100000|  0%| F|  |TAMS 0x0000000086000000, 0x0000000086000000| Untracked 
|  97|0x0000000086100000, 0x0000000086100000, 0x0000000086200000|  0%| F|  |TAMS 0x0000000086100000, 0x0000000086100000| Untracked 
|  98|0x0000000086200000, 0x0000000086200000, 0x0000000086300000|  0%| F|  |TAMS 0x0000000086200000, 0x0000000086200000| Untracked 
|  99|0x0000000086300000, 0x000000008634e210, 0x0000000086400000| 30%| S|CS|TAMS 0x0000000086300000, 0x0000000086300000| Complete 
| 100|0x0000000086400000, 0x0000000086500000, 0x0000000086500000|100%| S|CS|TAMS 0x0000000086400000, 0x0000000086400000| Complete 
| 101|0x0000000086500000, 0x0000000086600000, 0x0000000086600000|100%| S|CS|TAMS 0x0000000086500000, 0x0000000086500000| Complete 
| 102|0x0000000086600000, 0x0000000086700000, 0x0000000086700000|100%| S|CS|TAMS 0x0000000086600000, 0x0000000086600000| Complete 
| 103|0x0000000086700000, 0x0000000086800000, 0x0000000086800000|100%| S|CS|TAMS 0x0000000086700000, 0x0000000086700000| Complete 
| 104|0x0000000086800000, 0x0000000086800000, 0x0000000086900000|  0%| F|  |TAMS 0x0000000086800000, 0x0000000086800000| Untracked 
| 105|0x0000000086900000, 0x0000000086900000, 0x0000000086a00000|  0%| F|  |TAMS 0x0000000086900000, 0x0000000086900000| Untracked 
| 106|0x0000000086a00000, 0x0000000086a00000, 0x0000000086b00000|  0%| F|  |TAMS 0x0000000086a00000, 0x0000000086a00000| Untracked 
| 107|0x0000000086b00000, 0x0000000086b00000, 0x0000000086c00000|  0%| F|  |TAMS 0x0000000086b00000, 0x0000000086b00000| Untracked 
| 108|0x0000000086c00000, 0x0000000086d00000, 0x0000000086d00000|100%| S|CS|TAMS 0x0000000086c00000, 0x0000000086c00000| Complete 
| 109|0x0000000086d00000, 0x0000000086e00000, 0x0000000086e00000|100%| S|CS|TAMS 0x0000000086d00000, 0x0000000086d00000| Complete 
| 110|0x0000000086e00000, 0x0000000086f00000, 0x0000000086f00000|100%| S|CS|TAMS 0x0000000086e00000, 0x0000000086e00000| Complete 
| 111|0x0000000086f00000, 0x0000000086f00000, 0x0000000087000000|  0%| F|  |TAMS 0x0000000086f00000, 0x0000000086f00000| Untracked 
| 112|0x0000000087000000, 0x0000000087000000, 0x0000000087100000|  0%| F|  |TAMS 0x0000000087000000, 0x0000000087000000| Untracked 
| 113|0x0000000087100000, 0x0000000087100000, 0x0000000087200000|  0%| F|  |TAMS 0x0000000087100000, 0x0000000087100000| Untracked 
| 114|0x0000000087200000, 0x0000000087200000, 0x0000000087300000|  0%| F|  |TAMS 0x0000000087200000, 0x0000000087200000| Untracked 
| 115|0x0000000087300000, 0x0000000087400000, 0x0000000087400000|100%| S|CS|TAMS 0x0000000087300000, 0x0000000087300000| Complete 
| 116|0x0000000087400000, 0x0000000087400000, 0x0000000087500000|  0%| F|  |TAMS 0x0000000087400000, 0x0000000087400000| Untracked 
| 117|0x0000000087500000, 0x0000000087500000, 0x0000000087600000|  0%| F|  |TAMS 0x0000000087500000, 0x0000000087500000| Untracked 
| 118|0x0000000087600000, 0x0000000087600000, 0x0000000087700000|  0%| F|  |TAMS 0x0000000087600000, 0x0000000087600000| Untracked 
| 119|0x0000000087700000, 0x0000000087700000, 0x0000000087800000|  0%| F|  |TAMS 0x0000000087700000, 0x0000000087700000| Untracked 
| 120|0x0000000087800000, 0x0000000087800000, 0x0000000087900000|  0%| F|  |TAMS 0x0000000087800000, 0x0000000087800000| Untracked 
| 121|0x0000000087900000, 0x0000000087900000, 0x0000000087a00000|  0%| F|  |TAMS 0x0000000087900000, 0x0000000087900000| Untracked 
| 122|0x0000000087a00000, 0x0000000087a00000, 0x0000000087b00000|  0%| F|  |TAMS 0x0000000087a00000, 0x0000000087a00000| Untracked 
| 123|0x0000000087b00000, 0x0000000087b00000, 0x0000000087c00000|  0%| F|  |TAMS 0x0000000087b00000, 0x0000000087b00000| Untracked 
| 124|0x0000000087c00000, 0x0000000087c00000, 0x0000000087d00000|  0%| F|  |TAMS 0x0000000087c00000, 0x0000000087c00000| Untracked 
| 125|0x0000000087d00000, 0x0000000087d00000, 0x0000000087e00000|  0%| F|  |TAMS 0x0000000087d00000, 0x0000000087d00000| Untracked 
| 126|0x0000000087e00000, 0x0000000087e00000, 0x0000000087f00000|  0%| F|  |TAMS 0x0000000087e00000, 0x0000000087e00000| Untracked 
| 127|0x0000000087f00000, 0x0000000087f00000, 0x0000000088000000|  0%| F|  |TAMS 0x0000000087f00000, 0x0000000087f00000| Untracked 
| 128|0x0000000088000000, 0x0000000088000000, 0x0000000088100000|  0%| F|  |TAMS 0x0000000088000000, 0x0000000088000000| Untracked 
| 129|0x0000000088100000, 0x0000000088100000, 0x0000000088200000|  0%| F|  |TAMS 0x0000000088100000, 0x0000000088100000| Untracked 
| 130|0x0000000088200000, 0x0000000088200000, 0x0000000088300000|  0%| F|  |TAMS 0x0000000088200000, 0x0000000088200000| Untracked 
| 131|0x0000000088300000, 0x0000000088300000, 0x0000000088400000|  0%| F|  |TAMS 0x0000000088300000, 0x0000000088300000| Untracked 
| 132|0x0000000088400000, 0x0000000088400000, 0x0000000088500000|  0%| F|  |TAMS 0x0000000088400000, 0x0000000088400000| Untracked 
| 133|0x0000000088500000, 0x0000000088500000, 0x0000000088600000|  0%| F|  |TAMS 0x0000000088500000, 0x0000000088500000| Untracked 
| 134|0x0000000088600000, 0x0000000088600000, 0x0000000088700000|  0%| F|  |TAMS 0x0000000088600000, 0x0000000088600000| Untracked 
| 135|0x0000000088700000, 0x0000000088700000, 0x0000000088800000|  0%| F|  |TAMS 0x0000000088700000, 0x0000000088700000| Untracked 
| 136|0x0000000088800000, 0x0000000088800000, 0x0000000088900000|  0%| F|  |TAMS 0x0000000088800000, 0x0000000088800000| Untracked 
| 137|0x0000000088900000, 0x0000000088900000, 0x0000000088a00000|  0%| F|  |TAMS 0x0000000088900000, 0x0000000088900000| Untracked 
| 138|0x0000000088a00000, 0x0000000088a00000, 0x0000000088b00000|  0%| F|  |TAMS 0x0000000088a00000, 0x0000000088a00000| Untracked 
| 139|0x0000000088b00000, 0x0000000088b00000, 0x0000000088c00000|  0%| F|  |TAMS 0x0000000088b00000, 0x0000000088b00000| Untracked 
| 140|0x0000000088c00000, 0x0000000088c00000, 0x0000000088d00000|  0%| F|  |TAMS 0x0000000088c00000, 0x0000000088c00000| Untracked 
| 141|0x0000000088d00000, 0x0000000088d00000, 0x0000000088e00000|  0%| F|  |TAMS 0x0000000088d00000, 0x0000000088d00000| Untracked 
| 142|0x0000000088e00000, 0x0000000088e00000, 0x0000000088f00000|  0%| F|  |TAMS 0x0000000088e00000, 0x0000000088e00000| Untracked 
| 143|0x0000000088f00000, 0x0000000088f00000, 0x0000000089000000|  0%| F|  |TAMS 0x0000000088f00000, 0x0000000088f00000| Untracked 
| 144|0x0000000089000000, 0x0000000089000000, 0x0000000089100000|  0%| F|  |TAMS 0x0000000089000000, 0x0000000089000000| Untracked 
| 145|0x0000000089100000, 0x0000000089100000, 0x0000000089200000|  0%| F|  |TAMS 0x0000000089100000, 0x0000000089100000| Untracked 
| 146|0x0000000089200000, 0x0000000089200000, 0x0000000089300000|  0%| F|  |TAMS 0x0000000089200000, 0x0000000089200000| Untracked 
| 147|0x0000000089300000, 0x0000000089300000, 0x0000000089400000|  0%| F|  |TAMS 0x0000000089300000, 0x0000000089300000| Untracked 
| 148|0x0000000089400000, 0x0000000089400000, 0x0000000089500000|  0%| F|  |TAMS 0x0000000089400000, 0x0000000089400000| Untracked 
| 149|0x0000000089500000, 0x0000000089500000, 0x0000000089600000|  0%| F|  |TAMS 0x0000000089500000, 0x0000000089500000| Untracked 
| 150|0x0000000089600000, 0x0000000089600000, 0x0000000089700000|  0%| F|  |TAMS 0x0000000089600000, 0x0000000089600000| Untracked 
| 151|0x0000000089700000, 0x0000000089700000, 0x0000000089800000|  0%| F|  |TAMS 0x0000000089700000, 0x0000000089700000| Untracked 
| 152|0x0000000089800000, 0x0000000089800000, 0x0000000089900000|  0%| F|  |TAMS 0x0000000089800000, 0x0000000089800000| Untracked 
| 153|0x0000000089900000, 0x0000000089900000, 0x0000000089a00000|  0%| F|  |TAMS 0x0000000089900000, 0x0000000089900000| Untracked 
| 154|0x0000000089a00000, 0x0000000089a00000, 0x0000000089b00000|  0%| F|  |TAMS 0x0000000089a00000, 0x0000000089a00000| Untracked 
| 155|0x0000000089b00000, 0x0000000089b00000, 0x0000000089c00000|  0%| F|  |TAMS 0x0000000089b00000, 0x0000000089b00000| Untracked 
| 156|0x0000000089c00000, 0x0000000089c00000, 0x0000000089d00000|  0%| F|  |TAMS 0x0000000089c00000, 0x0000000089c00000| Untracked 
| 157|0x0000000089d00000, 0x0000000089d00000, 0x0000000089e00000|  0%| F|  |TAMS 0x0000000089d00000, 0x0000000089d00000| Untracked 
| 158|0x0000000089e00000, 0x0000000089e00000, 0x0000000089f00000|  0%| F|  |TAMS 0x0000000089e00000, 0x0000000089e00000| Untracked 
| 159|0x0000000089f00000, 0x0000000089f00000, 0x000000008a000000|  0%| F|  |TAMS 0x0000000089f00000, 0x0000000089f00000| Untracked 
| 160|0x000000008a000000, 0x000000008a000000, 0x000000008a100000|  0%| F|  |TAMS 0x000000008a000000, 0x000000008a000000| Untracked 
| 161|0x000000008a100000, 0x000000008a100000, 0x000000008a200000|  0%| F|  |TAMS 0x000000008a100000, 0x000000008a100000| Untracked 
| 162|0x000000008a200000, 0x000000008a200000, 0x000000008a300000|  0%| F|  |TAMS 0x000000008a200000, 0x000000008a200000| Untracked 
| 163|0x000000008a300000, 0x000000008a300000, 0x000000008a400000|  0%| F|  |TAMS 0x000000008a300000, 0x000000008a300000| Untracked 
| 164|0x000000008a400000, 0x000000008a400000, 0x000000008a500000|  0%| F|  |TAMS 0x000000008a400000, 0x000000008a400000| Untracked 
| 165|0x000000008a500000, 0x000000008a500000, 0x000000008a600000|  0%| F|  |TAMS 0x000000008a500000, 0x000000008a500000| Untracked 
| 166|0x000000008a600000, 0x000000008a600000, 0x000000008a700000|  0%| F|  |TAMS 0x000000008a600000, 0x000000008a600000| Untracked 
| 167|0x000000008a700000, 0x000000008a700000, 0x000000008a800000|  0%| F|  |TAMS 0x000000008a700000, 0x000000008a700000| Untracked 
| 168|0x000000008a800000, 0x000000008a800000, 0x000000008a900000|  0%| F|  |TAMS 0x000000008a800000, 0x000000008a800000| Untracked 
| 169|0x000000008a900000, 0x000000008a900000, 0x000000008aa00000|  0%| F|  |TAMS 0x000000008a900000, 0x000000008a900000| Untracked 
| 170|0x000000008aa00000, 0x000000008aa00000, 0x000000008ab00000|  0%| F|  |TAMS 0x000000008aa00000, 0x000000008aa00000| Untracked 
| 171|0x000000008ab00000, 0x000000008ab00000, 0x000000008ac00000|  0%| F|  |TAMS 0x000000008ab00000, 0x000000008ab00000| Untracked 
| 172|0x000000008ac00000, 0x000000008ac00000, 0x000000008ad00000|  0%| F|  |TAMS 0x000000008ac00000, 0x000000008ac00000| Untracked 

Card table byte_map: [0x0000024b1b230000,0x0000024b1b630000] _byte_map_base: 0x0000024b1ae30000

Marking Bits (Prev, Next): (CMBitMap*) 0x0000024b076bf390, (CMBitMap*) 0x0000024b076bf358
 Prev Bits: [0x0000024b1da30000, 0x0000024b1fa30000)
 Next Bits: [0x0000024b1ba30000, 0x0000024b1da30000)

Polling page: 0x0000024b05bc0000

Metaspace:

Usage:
  Non-class:     76.29 MB capacity,    74.86 MB ( 98%) used,     1.18 MB (  2%) free+waste,   261.81 KB ( <1%) overhead. 
      Class:     12.15 MB capacity,    11.26 MB ( 93%) used,   794.27 KB (  6%) free+waste,   121.81 KB ( <1%) overhead. 
       Both:     88.44 MB capacity,    86.11 MB ( 97%) used,     1.96 MB (  2%) free+waste,   383.63 KB ( <1%) overhead. 

Virtual space:
  Non-class space:       78.00 MB reserved,      76.45 MB ( 98%) committed 
      Class space:        1.00 GB reserved,      12.21 MB (  1%) committed 
             Both:        1.08 GB reserved,      88.66 MB (  8%) committed 

Chunk freelists:
   Non-Class:  36.00 KB
       Class:  0 bytes
        Both:  36.00 KB

MaxMetaspaceSize: 17179869184.00 GB
CompressedClassSpaceSize: 1.00 GB
Initial GC threshold: 20.80 MB
Current GC threshold: 99.02 MB
CDS: off

CodeHeap 'non-profiled nmethods': size=120000Kb used=6456Kb max_used=6456Kb free=113543Kb
 bounds [0x0000024b12c70000, 0x0000024b132c0000, 0x0000024b1a1a0000]
CodeHeap 'profiled nmethods': size=120000Kb used=21098Kb max_used=21098Kb free=98901Kb
 bounds [0x0000024b0b740000, 0x0000024b0cbe0000, 0x0000024b12c70000]
CodeHeap 'non-nmethods': size=5760Kb used=2364Kb max_used=2426Kb free=3395Kb
 bounds [0x0000024b0b1a0000, 0x0000024b0b410000, 0x0000024b0b740000]
 total_blobs=10529 nmethods=9644 adapters=797
 compilation: enabled
              stopped_count=0, restarted_count=0
 full_count=0

Compilation events (20 events):
Event: 7.322 Thread 0x0000024b2275a800 nmethod 9558 0x0000024b132bd410 code [0x0000024b132bd5c0, 0x0000024b132bdaf8]
Event: 7.322 Thread 0x0000024b2275a800 9663  s    4       java.io.BufferedOutputStream::write (35 bytes)
Event: 7.322 Thread 0x0000024b22765800 nmethod 9661 0x0000024b0cbd6c10 code [0x0000024b0cbd6dc0, 0x0000024b0cbd6ee8]
Event: 7.322 Thread 0x0000024b22765800 9659       3       org.gradle.execution.plan.DefaultExecutionPlan::hasNodesRemaining (59 bytes)
Event: 7.322 Thread 0x0000024b22765800 nmethod 9659 0x0000024b0cbd6f90 code [0x0000024b0cbd71c0, 0x0000024b0cbd78c8]
Event: 7.322 Thread 0x0000024b22765800 9653       3       org.gradle.internal.execution.steps.AssignWorkspaceStep$1::getHistory (8 bytes)
Event: 7.323 Thread 0x0000024b22765800 nmethod 9653 0x0000024b0cbd7a90 code [0x0000024b0cbd7ca0, 0x0000024b0cbd81e8]
Event: 7.323 Thread 0x0000024b22765800 9672       3       com.google.common.collect.ImmutableSortedMap::entrySet (5 bytes)
Event: 7.323 Thread 0x0000024b22765800 nmethod 9672 0x0000024b0cbd8410 code [0x0000024b0cbd8640, 0x0000024b0cbd8ea8]
Event: 7.323 Thread 0x0000024b22765800 9673       3       com.google.common.collect.ImmutableSortedMap::createEntrySet (22 bytes)
Event: 7.323 Thread 0x0000024b2275a800 nmethod 9663 0x0000024b132bdd10 code [0x0000024b132bdea0, 0x0000024b132be118]
Event: 7.323 Thread 0x0000024b2275a800 9660       4       org.gradle.internal.hash.HashCode::fromBytes (50 bytes)
Event: 7.323 Thread 0x0000024b22765800 nmethod 9673 0x0000024b0cbd9190 code [0x0000024b0cbd93a0, 0x0000024b0cbd9aa8]
Event: 7.323 Thread 0x0000024b22765800 9666       3       org.gradle.internal.snapshot.impl.DefaultValueSnapshotter$ValueSnapshotVisitor::hashCode (9 bytes)
Event: 7.324 Thread 0x0000024b22765800 nmethod 9666 0x0000024b0cbd9d10 code [0x0000024b0cbd9ee0, 0x0000024b0cbda218]
Event: 7.324 Thread 0x0000024b22765800 9670       3       java.util.function.Function$$Lambda$54/0x000000010013c440::apply (5 bytes)
Event: 7.324 Thread 0x0000024b22765800 nmethod 9670 0x0000024b0cbda390 code [0x0000024b0cbda540, 0x0000024b0cbda698]
Event: 7.324 Thread 0x0000024b22765800 9671       3       java.util.function.Function::lambda$identity$2 (2 bytes)
Event: 7.324 Thread 0x0000024b22765800 nmethod 9671 0x0000024b0cbda790 code [0x0000024b0cbda940, 0x0000024b0cbdaa18]
Event: 7.324 Thread 0x0000024b22765800 9668       3       com.google.common.collect.ImmutableSet::copyOf (52 bytes)

GC Heap History (20 events):
Event: 3.359 GC heap after
{Heap after GC invocations=11 (full 0):
 garbage-first heap   total 147456K, used 34084K [0x0000000080000000, 0x0000000100000000)
  region size 1024K, 7 young (7168K), 7 survivors (7168K)
 Metaspace       used 48692K, capacity 50036K, committed 50256K, reserved 1093632K
  class space    used 6162K, capacity 6678K, committed 6784K, reserved 1048576K
}
Event: 4.186 GC heap before
{Heap before GC invocations=11 (full 0):
 garbage-first heap   total 147456K, used 117028K [0x0000000080000000, 0x0000000100000000)
  region size 1024K, 80 young (81920K), 7 survivors (7168K)
 Metaspace       used 57040K, capacity 58546K, committed 58704K, reserved 1099776K
  class space    used 7180K, capacity 7726K, committed 7808K, reserved 1048576K
}
Event: 4.191 GC heap after
{Heap after GC invocations=12 (full 0):
 garbage-first heap   total 147456K, used 50487K [0x0000000080000000, 0x0000000100000000)
  region size 1024K, 10 young (10240K), 10 survivors (10240K)
 Metaspace       used 57040K, capacity 58546K, committed 58704K, reserved 1099776K
  class space    used 7180K, capacity 7726K, committed 7808K, reserved 1048576K
}
Event: 4.319 GC heap before
{Heap before GC invocations=12 (full 0):
 garbage-first heap   total 147456K, used 60727K [0x0000000080000000, 0x0000000100000000)
  region size 1024K, 21 young (21504K), 10 survivors (10240K)
 Metaspace       used 58844K, capacity 60434K, committed 60496K, reserved 1101824K
  class space    used 7434K, capacity 8038K, committed 8064K, reserved 1048576K
}
Event: 4.326 GC heap after
{Heap after GC invocations=13 (full 0):
 garbage-first heap   total 177152K, used 52363K [0x0000000080000000, 0x0000000100000000)
  region size 1024K, 2 young (2048K), 2 survivors (2048K)
 Metaspace       used 58844K, capacity 60434K, committed 60496K, reserved 1101824K
  class space    used 7434K, capacity 8038K, committed 8064K, reserved 1048576K
}
Event: 4.671 GC heap before
{Heap before GC invocations=14 (full 0):
 garbage-first heap   total 177152K, used 111755K [0x0000000080000000, 0x0000000100000000)
  region size 1024K, 54 young (55296K), 2 survivors (2048K)
 Metaspace       used 63037K, capacity 64692K, committed 64936K, reserved 1105920K
  class space    used 7938K, capacity 8554K, committed 8664K, reserved 1048576K
}
Event: 4.673 GC heap after
{Heap after GC invocations=15 (full 0):
 garbage-first heap   total 177152K, used 56321K [0x0000000080000000, 0x0000000100000000)
  region size 1024K, 6 young (6144K), 6 survivors (6144K)
 Metaspace       used 63037K, capacity 64692K, committed 64936K, reserved 1105920K
  class space    used 7938K, capacity 8554K, committed 8664K, reserved 1048576K
}
Event: 5.071 GC heap before
{Heap before GC invocations=15 (full 0):
 garbage-first heap   total 177152K, used 112641K [0x0000000080000000, 0x0000000100000000)
  region size 1024K, 61 young (62464K), 6 survivors (6144K)
 Metaspace       used 67655K, capacity 69295K, committed 69544K, reserved 1110016K
  class space    used 8520K, capacity 9138K, committed 9176K, reserved 1048576K
}
Event: 5.074 GC heap after
{Heap after GC invocations=16 (full 0):
 garbage-first heap   total 177152K, used 59886K [0x0000000080000000, 0x0000000100000000)
  region size 1024K, 4 young (4096K), 4 survivors (4096K)
 Metaspace       used 67655K, capacity 69295K, committed 69544K, reserved 1110016K
  class space    used 8520K, capacity 9138K, committed 9176K, reserved 1048576K
}
Event: 5.301 GC heap before
{Heap before GC invocations=16 (full 0):
 garbage-first heap   total 177152K, used 118254K [0x0000000080000000, 0x0000000100000000)
  region size 1024K, 61 young (62464K), 4 survivors (4096K)
 Metaspace       used 68706K, capacity 70390K, committed 70568K, reserved 1110016K
  class space    used 8642K, capacity 9287K, committed 9432K, reserved 1048576K
}
Event: 5.305 GC heap after
{Heap after GC invocations=17 (full 0):
 garbage-first heap   total 177152K, used 63584K [0x0000000080000000, 0x0000000100000000)
  region size 1024K, 8 young (8192K), 8 survivors (8192K)
 Metaspace       used 68706K, capacity 70390K, committed 70568K, reserved 1110016K
  class space    used 8642K, capacity 9287K, committed 9432K, reserved 1048576K
}
Event: 5.788 GC heap before
{Heap before GC invocations=17 (full 0):
 garbage-first heap   total 177152K, used 122976K [0x0000000080000000, 0x0000000100000000)
  region size 1024K, 66 young (67584K), 8 survivors (8192K)
 Metaspace       used 74519K, capacity 76273K, committed 76584K, reserved 1116160K
  class space    used 9574K, capacity 10235K, committed 10328K, reserved 1048576K
}
Event: 5.792 GC heap after
{Heap after GC invocations=18 (full 0):
 garbage-first heap   total 177152K, used 67615K [0x0000000080000000, 0x0000000100000000)
  region size 1024K, 8 young (8192K), 8 survivors (8192K)
 Metaspace       used 74519K, capacity 76273K, committed 76584K, reserved 1116160K
  class space    used 9574K, capacity 10235K, committed 10328K, reserved 1048576K
}
Event: 6.126 GC heap before
{Heap before GC invocations=18 (full 0):
 garbage-first heap   total 177152K, used 128031K [0x0000000080000000, 0x0000000100000000)
  region size 1024K, 67 young (68608K), 8 survivors (8192K)
 Metaspace       used 77535K, capacity 79399K, committed 79656K, reserved 1118208K
  class space    used 10008K, capacity 10710K, committed 10840K, reserved 1048576K
}
Event: 6.133 GC heap after
{Heap after GC invocations=19 (full 0):
 garbage-first heap   total 177152K, used 71778K [0x0000000080000000, 0x0000000100000000)
  region size 1024K, 8 young (8192K), 8 survivors (8192K)
 Metaspace       used 77535K, capacity 79399K, committed 79656K, reserved 1118208K
  class space    used 10008K, capacity 10710K, committed 10840K, reserved 1048576K
}
Event: 6.571 GC heap before
{Heap before GC invocations=19 (full 0):
 garbage-first heap   total 177152K, used 132194K [0x0000000080000000, 0x0000000100000000)
  region size 1024K, 67 young (68608K), 8 survivors (8192K)
 Metaspace       used 83131K, capacity 85024K, committed 85160K, reserved 1122304K
  class space    used 10765K, capacity 11459K, committed 11480K, reserved 1048576K
}
Event: 6.577 GC heap after
{Heap after GC invocations=20 (full 0):
 garbage-first heap   total 177152K, used 75848K [0x0000000080000000, 0x0000000100000000)
  region size 1024K, 8 young (8192K), 8 survivors (8192K)
 Metaspace       used 83131K, capacity 85024K, committed 85160K, reserved 1122304K
  class space    used 10765K, capacity 11459K, committed 11480K, reserved 1048576K
}
Event: 7.144 GC heap before
{Heap before GC invocations=20 (full 0):
 garbage-first heap   total 177152K, used 135240K [0x0000000080000000, 0x0000000100000000)
  region size 1024K, 66 young (67584K), 8 survivors (8192K)
 Metaspace       used 87369K, capacity 89492K, committed 89768K, reserved 1126400K
  class space    used 11391K, capacity 12194K, committed 12248K, reserved 1048576K
}
Event: 7.151 GC heap after
{Heap after GC invocations=21 (full 0):
 garbage-first heap   total 177152K, used 80537K [0x0000000080000000, 0x0000000100000000)
  region size 1024K, 9 young (9216K), 9 survivors (9216K)
 Metaspace       used 87369K, capacity 89492K, committed 89768K, reserved 1126400K
  class space    used 11391K, capacity 12194K, committed 12248K, reserved 1048576K
}
Event: 7.325 GC heap before
{Heap before GC invocations=21 (full 0):
 garbage-first heap   total 177152K, used 137881K [0x0000000080000000, 0x0000000100000000)
  region size 1024K, 66 young (67584K), 9 survivors (9216K)
 Metaspace       used 88178K, capacity 90566K, committed 90792K, reserved 1128448K
  class space    used 11525K, capacity 12442K, committed 12504K, reserved 1048576K
}

Deoptimization events (20 events):
Event: 7.255 Thread 0x0000024b29590000 DEOPT PACKING pc=0x0000024b0cb212b1 sp=0x0000008680dfb7f0
Event: 7.255 Thread 0x0000024b29590000 DEOPT UNPACKING pc=0x0000024b0b1ea95e sp=0x0000008680dfacb8 mode 0
Event: 7.264 Thread 0x0000024b25a1c000 Uncommon trap: trap_request=0xffffff4d fr.pc=0x0000024b12f11550 relative=0x00000000000001f0
Event: 7.264 Thread 0x0000024b25a1c000 Uncommon trap: reason=unstable_if action=reinterpret pc=0x0000024b12f11550 method=com.esotericsoftware.kryo.io.Input.readVarInt(Z)I @ 42 c2
Event: 7.264 Thread 0x0000024b25a1c000 DEOPT PACKING pc=0x0000024b12f11550 sp=0x00000086fa7fe490
Event: 7.264 Thread 0x0000024b25a1c000 DEOPT UNPACKING pc=0x0000024b0b1ea1af sp=0x00000086fa7fe380 mode 2
Event: 7.269 Thread 0x0000024b2658a800 Uncommon trap: trap_request=0xffffff4d fr.pc=0x0000024b12fb3b40 relative=0x0000000000000360
Event: 7.269 Thread 0x0000024b2658a800 Uncommon trap: reason=unstable_if action=reinterpret pc=0x0000024b12fb3b40 method=java.util.concurrent.ConcurrentHashMap.addCount(JI)V @ 97 c2
Event: 7.269 Thread 0x0000024b2658a800 DEOPT PACKING pc=0x0000024b12fb3b40 sp=0x00000086fd3fcb00
Event: 7.269 Thread 0x0000024b2658a800 DEOPT UNPACKING pc=0x0000024b0b1ea1af sp=0x00000086fd3fca40 mode 2
Event: 7.269 Thread 0x0000024b2658e800 DEOPT PACKING pc=0x0000024b0c8b2744 sp=0x00000086fd6fd590
Event: 7.269 Thread 0x0000024b2658a800 DEOPT PACKING pc=0x0000024b0c8b2744 sp=0x00000086fd3fd7a0
Event: 7.269 Thread 0x0000024b2658e800 DEOPT UNPACKING pc=0x0000024b0b1ea95e sp=0x00000086fd6fcb30 mode 0
Event: 7.269 Thread 0x0000024b2658a800 DEOPT UNPACKING pc=0x0000024b0b1ea95e sp=0x00000086fd3fcd40 mode 0
Event: 7.284 Thread 0x0000024b2934a800 DEOPT PACKING pc=0x0000024b0c8b2744 sp=0x00000086819fb660
Event: 7.284 Thread 0x0000024b2934a800 DEOPT UNPACKING pc=0x0000024b0b1ea95e sp=0x00000086819fac00 mode 0
Event: 7.294 Thread 0x0000024b269f6800 DEOPT PACKING pc=0x0000024b0c8b2744 sp=0x00000086ff5fd700
Event: 7.294 Thread 0x0000024b269f6800 DEOPT UNPACKING pc=0x0000024b0b1ea95e sp=0x00000086ff5fcca0 mode 0
Event: 7.309 Thread 0x0000024b269fe000 DEOPT PACKING pc=0x0000024b0c8b2744 sp=0x00000086ffcfd3a0
Event: 7.309 Thread 0x0000024b269fe000 DEOPT UNPACKING pc=0x0000024b0b1ea95e sp=0x00000086ffcfc940 mode 0

Classes redefined (0 events):
No events

Internal exceptions (20 events):
Event: 6.932 Thread 0x0000024b29556000 Exception <a 'java/lang/NoSuchMethodError'{0x00000000882b8888}: <clinit>> (0x00000000882b8888) thrown at [./src/hotspot/share/prims/jni.cpp, line 1366]
Event: 6.934 Thread 0x0000024b29556000 Exception <a 'java/lang/NoSuchMethodError'{0x00000000882dd9d8}: <clinit>> (0x00000000882dd9d8) thrown at [./src/hotspot/share/prims/jni.cpp, line 1366]
Event: 6.935 Thread 0x0000024b29556000 Exception <a 'java/lang/NoSuchMethodError'{0x00000000882e8848}: 'void java.lang.invoke.DirectMethodHandle$Holder.invokeSpecial(java.lang.Object, java.lang.Object, java.lang.Object, int)'> (0x00000000882e8848) thrown at [./src/hotspot/share/interpreter/linkResolver.cpp, line 773]
Event: 6.944 Thread 0x0000024b29551800 Exception <a 'java/lang/NoSuchMethodError'{0x00000000881fbce8}: 'int java.lang.invoke.DirectMethodHandle$Holder.invokeSpecial(java.lang.Object, java.lang.Object, java.lang.Object, java.lang.Object, java.lang.Object)'> (0x00000000881fbce8) thrown at [./src/hotspot/share/interpreter/linkResolver.cpp, line 773]
Event: 6.950 Thread 0x0000024b23db4000 Exception <a 'java/lang/NoSuchMethodError'{0x00000000880a3450}: <clinit>> (0x00000000880a3450) thrown at [./src/hotspot/share/prims/jni.cpp, line 1366]
Event: 7.134 Thread 0x0000024b29551800 Exception <a 'java/lang/NoSuchMethodError'{0x000000008751c8c8}: 'void java.lang.invoke.DirectMethodHandle$Holder.invokeStatic(java.lang.Object, java.lang.Object, java.lang.Object, java.lang.Object, int, java.lang.Object, java.lang.Object)'> (0x000000008751c8c8) thrown at [./src/hotspot/share/interpreter/linkResolver.cpp, line 773]
Event: 7.164 Thread 0x0000024b29583800 Exception <a 'java/lang/NoSuchMethodError'{0x000000008a3af290}: 'java.lang.Object java.lang.invoke.DirectMethodHandle$Holder.invokeSpecialIFC(java.lang.Object, java.lang.Object, java.lang.Object)'> (0x000000008a3af290) thrown at [./src/hotspot/share/interpreter/linkResolver.cpp, line 773]
Event: 7.164 Thread 0x0000024b2a921000 Exception <a 'java/lang/NoSuchMethodError'{0x000000008a3c3d00}: 'java.lang.Object java.lang.invoke.DirectMethodHandle$Holder.invokeSpecialIFC(java.lang.Object, java.lang.Object, java.lang.Object)'> (0x000000008a3c3d00) thrown at [./src/hotspot/share/interpreter/linkResolver.cpp, line 773]
Event: 7.164 Thread 0x0000024b297e3000 Exception <a 'java/lang/NoSuchMethodError'{0x000000008a35f640}: 'java.lang.Object java.lang.invoke.DirectMethodHandle$Holder.invokeSpecialIFC(java.lang.Object, java.lang.Object, java.lang.Object)'> (0x000000008a35f640) thrown at [./src/hotspot/share/interpreter/linkResolver.cpp, line 773]
Event: 7.164 Thread 0x0000024b297e4800 Exception <a 'java/lang/NoSuchMethodError'{0x000000008a3bbc98}: 'java.lang.Object java.lang.invoke.DirectMethodHandle$Holder.invokeSpecialIFC(java.lang.Object, java.lang.Object, java.lang.Object)'> (0x000000008a3bbc98) thrown at [./src/hotspot/share/interpreter/linkResolver.cpp, line 773]
Event: 7.164 Thread 0x0000024b297e9800 Exception <a 'java/lang/NoSuchMethodError'{0x000000008a3eb0a0}: 'java.lang.Object java.lang.invoke.DirectMethodHandle$Holder.invokeSpecialIFC(java.lang.Object, java.lang.Object, java.lang.Object)'> (0x000000008a3eb0a0) thrown at [./src/hotspot/share/interpreter/linkResolver.cpp, line 773]
Event: 7.164 Thread 0x0000024b29585000 Exception <a 'java/lang/NoSuchMethodError'{0x000000008a3dc6d0}: 'java.lang.Object java.lang.invoke.DirectMethodHandle$Holder.invokeSpecialIFC(java.lang.Object, java.lang.Object, java.lang.Object)'> (0x000000008a3dc6d0) thrown at [./src/hotspot/share/interpreter/linkResolver.cpp, line 773]
Event: 7.164 Thread 0x0000024b29551800 Exception <a 'java/lang/NoSuchMethodError'{0x000000008ac425d0}: 'java.lang.Object java.lang.invoke.DirectMethodHandle$Holder.invokeSpecialIFC(java.lang.Object, java.lang.Object, java.lang.Object)'> (0x000000008ac425d0) thrown at [./src/hotspot/share/interpreter/linkResolver.cpp, line 773]
Event: 7.165 Thread 0x0000024b2934b800 Exception <a 'java/lang/NoSuchMethodError'{0x000000008a3d0500}: 'java.lang.Object java.lang.invoke.DirectMethodHandle$Holder.invokeSpecialIFC(java.lang.Object, java.lang.Object, java.lang.Object)'> (0x000000008a3d0500) thrown at [./src/hotspot/share/interpreter/linkResolver.cpp, line 773]
Event: 7.165 Thread 0x0000024b297e7000 Exception <a 'java/lang/NoSuchMethodError'{0x000000008a37adf0}: 'java.lang.Object java.lang.invoke.DirectMethodHandle$Holder.invokeSpecialIFC(java.lang.Object, java.lang.Object, java.lang.Object)'> (0x000000008a37adf0) thrown at [./src/hotspot/share/interpreter/linkResolver.cpp, line 773]
Event: 7.165 Thread 0x0000024b29346800 Exception <a 'java/lang/NoSuchMethodError'{0x000000008a3a15e0}: 'java.lang.Object java.lang.invoke.DirectMethodHandle$Holder.invokeSpecialIFC(java.lang.Object, java.lang.Object, java.lang.Object)'> (0x000000008a3a15e0) thrown at [./src/hotspot/share/interpreter/linkResolver.cpp, line 773]
Event: 7.165 Thread 0x0000024b29590000 Exception <a 'java/lang/NoSuchMethodError'{0x000000008a3f6c20}: 'java.lang.Object java.lang.invoke.DirectMethodHandle$Holder.invokeSpecialIFC(java.lang.Object, java.lang.Object, java.lang.Object)'> (0x000000008a3f6c20) thrown at [./src/hotspot/share/interpreter/linkResolver.cpp, line 773]
Event: 7.165 Thread 0x0000024b26587000 Exception <a 'java/lang/NoSuchMethodError'{0x000000008a201960}: 'java.lang.Object java.lang.invoke.DirectMethodHandle$Holder.invokeSpecialIFC(java.lang.Object, java.lang.Object, java.lang.Object)'> (0x000000008a201960) thrown at [./src/hotspot/share/interpreter/linkResolver.cpp, line 773]
Event: 7.209 Thread 0x0000024b29584800 Implicit null exception at 0x0000024b1328df17 to 0x0000024b1328e914
Event: 7.230 Thread 0x0000024b26586000 Exception <a 'java/lang/NoSuchMethodError'{0x000000008a754eb8}: 'void java.lang.invoke.DirectMethodHandle$Holder.invokeVirtual(java.lang.Object, java.lang.Object)'> (0x000000008a754eb8) thrown at [./src/hotspot/share/interpreter/linkResolver.cpp, line 773]

Events (20 events):
Event: 7.319 Executing VM operation: RevokeBias done
Event: 7.319 Executing VM operation: RevokeBias
Event: 7.319 Executing VM operation: RevokeBias done
Event: 7.319 Executing VM operation: RevokeBias
Event: 7.319 Executing VM operation: RevokeBias done
Event: 7.320 Executing VM operation: RevokeBias
Event: 7.321 Executing VM operation: RevokeBias done
Event: 7.321 Executing VM operation: RevokeBias
Event: 7.321 Executing coalesced safepoint VM operation: RevokeBias
Event: 7.321 Executing coalesced safepoint VM operation: RevokeBias done
Event: 7.321 Executing VM operation: RevokeBias done
Event: 7.322 Executing VM operation: RevokeBias
Event: 7.322 Executing VM operation: RevokeBias done
Event: 7.322 Executing VM operation: RevokeBias
Event: 7.322 Executing VM operation: RevokeBias done
Event: 7.324 Executing VM operation: RevokeBias
Event: 7.324 Executing coalesced safepoint VM operation: RevokeBias
Event: 7.324 Executing coalesced safepoint VM operation: RevokeBias done
Event: 7.324 Executing VM operation: RevokeBias done
Event: 7.325 Executing VM operation: G1CollectForAllocation


Dynamic libraries:
0x00007ff7f27c0000 - 0x00007ff7f27ca000 	C:\Program Files\Android\Android Studio\jre\bin\java.exe
0x00007ff800db0000 - 0x00007ff800fa8000 	C:\Windows\SYSTEM32\ntdll.dll
0x00007fffff020000 - 0x00007fffff0dd000 	C:\Windows\System32\KERNEL32.DLL
0x00007ffffe5b0000 - 0x00007ffffe882000 	C:\Windows\System32\KERNELBASE.dll
0x00007ffffe4b0000 - 0x00007ffffe5b0000 	C:\Windows\System32\ucrtbase.dll
0x00007ffff27e0000 - 0x00007ffff27f9000 	C:\Program Files\Android\Android Studio\jre\bin\jli.dll
0x00007ffff27b0000 - 0x00007ffff27c7000 	C:\Program Files\Android\Android Studio\jre\bin\VCRUNTIME140.dll
0x00007fffff290000 - 0x00007fffff42d000 	C:\Windows\System32\USER32.dll
0x00007fffed130000 - 0x00007fffed3ca000 	C:\Windows\WinSxS\amd64_microsoft.windows.common-controls_6595b64144ccf1df_6.0.19041.1110_none_60b5254171f9507e\COMCTL32.dll
0x00007ffffebf0000 - 0x00007ffffec12000 	C:\Windows\System32\win32u.dll
0x00007ff800260000 - 0x00007ff8002fe000 	C:\Windows\System32\msvcrt.dll
0x00007ffffeff0000 - 0x00007fffff01b000 	C:\Windows\System32\GDI32.dll
0x00007ffffe890000 - 0x00007ffffe99f000 	C:\Windows\System32\gdi32full.dll
0x00007ffffeb50000 - 0x00007ffffebed000 	C:\Windows\System32\msvcp_win.dll
0x00007ff8003d0000 - 0x00007ff800400000 	C:\Windows\System32\IMM32.DLL
0x00007fffee520000 - 0x00007fffee5bd000 	C:\Program Files\Android\Android Studio\jre\bin\msvcp140.dll
0x00007fff89d40000 - 0x00007fff8a842000 	C:\Program Files\Android\Android Studio\jre\bin\server\jvm.dll
0x00007ff800400000 - 0x00007ff8004ae000 	C:\Windows\System32\ADVAPI32.dll
0x00007ffffeef0000 - 0x00007ffffef8c000 	C:\Windows\System32\sechost.dll
0x00007ff8007d0000 - 0x00007ff8008f5000 	C:\Windows\System32\RPCRT4.dll
0x00007ff800000000 - 0x00007ff800008000 	C:\Windows\System32\PSAPI.DLL
0x00007ffffc330000 - 0x00007ffffc339000 	C:\Windows\SYSTEM32\WSOCK32.dll
0x00007ffff4d10000 - 0x00007ffff4d37000 	C:\Windows\SYSTEM32\WINMM.dll
0x00007ffff7670000 - 0x00007ffff767a000 	C:\Windows\SYSTEM32\VERSION.dll
0x00007ff8000c0000 - 0x00007ff80012b000 	C:\Windows\System32\WS2_32.dll
0x00007ffffc400000 - 0x00007ffffc412000 	C:\Windows\SYSTEM32\kernel.appcore.dll
0x00007ffff91e0000 - 0x00007ffff91f1000 	C:\Program Files\Android\Android Studio\jre\bin\verify.dll
0x00007ffffc080000 - 0x00007ffffc264000 	C:\Windows\SYSTEM32\DBGHELP.DLL
0x00007fffec3c0000 - 0x00007fffec3ec000 	C:\Windows\SYSTEM32\dbgcore.DLL
0x00007ffffeac0000 - 0x00007ffffeb42000 	C:\Windows\System32\bcryptPrimitives.dll
0x00007ffff14a0000 - 0x00007ffff14c9000 	C:\Program Files\Android\Android Studio\jre\bin\java.dll
0x00007ffffc2d0000 - 0x00007ffffc2db000 	C:\Program Files\Android\Android Studio\jre\bin\jimage.dll
0x00007ffff2430000 - 0x00007ffff2448000 	C:\Program Files\Android\Android Studio\jre\bin\zip.dll
0x00007fffff8a0000 - 0x00007ffffffe3000 	C:\Windows\System32\SHELL32.dll
0x00007ffffc590000 - 0x00007ffffcd21000 	C:\Windows\SYSTEM32\windows.storage.dll
0x00007ff800a10000 - 0x00007ff800d64000 	C:\Windows\System32\combase.dll
0x00007ffffde30000 - 0x00007ffffde60000 	C:\Windows\SYSTEM32\Wldp.dll
0x00007ff800010000 - 0x00007ff8000bd000 	C:\Windows\System32\SHCORE.dll
0x00007ff8006d0000 - 0x00007ff800725000 	C:\Windows\System32\shlwapi.dll
0x00007ffffe3f0000 - 0x00007ffffe40f000 	C:\Windows\SYSTEM32\profapi.dll
0x00007ffff0530000 - 0x00007ffff054a000 	C:\Program Files\Android\Android Studio\jre\bin\net.dll
0x00007ffff7040000 - 0x00007ffff714d000 	C:\Windows\SYSTEM32\WINHTTP.dll
0x00007ffffdb90000 - 0x00007ffffdbfa000 	C:\Windows\system32\mswsock.dll
0x00007fffef770000 - 0x00007fffef784000 	C:\Program Files\Android\Android Studio\jre\bin\nio.dll
0x00007fffef740000 - 0x00007fffef767000 	C:\Users\Kaue\.gradle\native\e1d6ef7f7dcc3fd88c89a11ec53ec762bb8ba0a96d01ffa2cd45eb1d1d8dd5c5\windows-amd64\native-platform.dll
0x00007fffc14d0000 - 0x00007fffc1614000 	C:\Users\Kaue\.gradle\native\0d407fdbe67a94daf76414ababcb853783967236a71b16ec16e742cd7a986fd3\windows-amd64\native-platform-file-events.dll
0x00007ffff8e60000 - 0x00007ffff8e6a000 	C:\Program Files\Android\Android Studio\jre\bin\management.dll
0x00007ffff2890000 - 0x00007ffff289d000 	C:\Program Files\Android\Android Studio\jre\bin\management_ext.dll
0x00007ffffdd90000 - 0x00007ffffdda8000 	C:\Windows\SYSTEM32\CRYPTSP.dll
0x00007ffffd4b0000 - 0x00007ffffd4e4000 	C:\Windows\system32\rsaenh.dll
0x00007ffffec20000 - 0x00007ffffec47000 	C:\Windows\System32\bcrypt.dll
0x00007ffffe370000 - 0x00007ffffe39e000 	C:\Windows\SYSTEM32\USERENV.dll
0x00007ffffdd80000 - 0x00007ffffdd8c000 	C:\Windows\SYSTEM32\CRYPTBASE.dll
0x00007ffffd880000 - 0x00007ffffd8bb000 	C:\Windows\SYSTEM32\IPHLPAPI.DLL
0x00007ffffee00000 - 0x00007ffffee08000 	C:\Windows\System32\NSI.dll
0x00007ffff7bc0000 - 0x00007ffff7bd7000 	C:\Windows\SYSTEM32\dhcpcsvc6.DLL
0x00007ffff7ba0000 - 0x00007ffff7bbd000 	C:\Windows\SYSTEM32\dhcpcsvc.DLL
0x00007ffffd8c0000 - 0x00007ffffd98a000 	C:\Windows\SYSTEM32\DNSAPI.dll

dbghelp: loaded successfully - version: 4.0.5 - missing functions: none
symbol engine: initialized successfully - sym options: 0x614 - pdb path: .;C:\Program Files\Android\Android Studio\jre\bin;C:\Windows\SYSTEM32;C:\Windows\WinSxS\amd64_microsoft.windows.common-controls_6595b64144ccf1df_6.0.19041.1110_none_60b5254171f9507e;C:\Program Files\Android\Android Studio\jre\bin\server;C:\Users\Kaue\.gradle\native\e1d6ef7f7dcc3fd88c89a11ec53ec762bb8ba0a96d01ffa2cd45eb1d1d8dd5c5\windows-amd64;C:\Users\Kaue\.gradle\native\0d407fdbe67a94daf76414ababcb853783967236a71b16ec16e742cd7a986fd3\windows-amd64

VM Arguments:
jvm_args: --add-opens=java.base/java.util=ALL-UNNAMED --add-opens=java.base/java.lang=ALL-UNNAMED --add-opens=java.base/java.lang.invoke=ALL-UNNAMED --add-opens=java.base/java.util=ALL-UNNAMED --add-opens=java.prefs/java.util.prefs=ALL-UNNAMED --add-opens=java.prefs/java.util.prefs=ALL-UNNAMED --add-opens=java.base/java.nio.charset=ALL-UNNAMED --add-opens=java.base/java.net=ALL-UNNAMED --add-opens=java.base/java.util.concurrent.atomic=ALL-UNNAMED -Xmx2048m -Dfile.encoding=UTF-8 -Duser.country=BR -Duser.language=pt -Duser.variant 
java_command: org.gradle.launcher.daemon.bootstrap.GradleDaemon 7.4
java_class_path (initial): C:\Users\Kaue\.gradle\wrapper\dists\gradle-7.4-bin\c0gwcg53nkjbqw7r0h0umtfvt\gradle-7.4\lib\gradle-launcher-7.4.jar
Launcher Type: SUN_STANDARD

[Global flags]
     intx CICompilerCount                          = 4                                         {product} {ergonomic}
     uint ConcGCThreads                            = 3                                         {product} {ergonomic}
     uint G1ConcRefinementThreads                  = 10                                        {product} {ergonomic}
   size_t G1HeapRegionSize                         = 1048576                                   {product} {ergonomic}
    uintx GCDrainStackTargetSize                   = 64                                        {product} {ergonomic}
   size_t InitialHeapSize                          = 125829120                                 {product} {ergonomic}
   size_t MarkStackSize                            = 4194304                                   {product} {ergonomic}
   size_t MaxHeapSize                              = 2147483648                                {product} {command line}
   size_t MaxNewSize                               = 1287651328                                {product} {ergonomic}
   size_t MinHeapDeltaBytes                        = 1048576                                   {product} {ergonomic}
    uintx NonNMethodCodeHeapSize                   = 5836300                                {pd product} {ergonomic}
    uintx NonProfiledCodeHeapSize                  = 122910970                              {pd product} {ergonomic}
    uintx ProfiledCodeHeapSize                     = 122910970                              {pd product} {ergonomic}
    uintx ReservedCodeCacheSize                    = 251658240                              {pd product} {ergonomic}
     bool SegmentedCodeCache                       = true                                      {product} {ergonomic}
     bool UseCompressedClassPointers               = true                                 {lp64_product} {ergonomic}
     bool UseCompressedOops                        = true                                 {lp64_product} {ergonomic}
     bool UseG1GC                                  = true                                      {product} {ergonomic}
     bool UseLargePagesIndividualAllocation        = false                                  {pd product} {ergonomic}

Logging:
Log output configuration:
 #0: stdout all=warning uptime,level,tags
 #1: stderr all=off uptime,level,tags

Environment Variables:
PATH=C:\Windows\system32;C:\Windows;C:\Windows\System32\Wbem;C:\Windows\System32\WindowsPowerShell\v1.0\;C:\Windows\System32\OpenSSH\;C:\Users\Kaue\AppData\Local\Microsoft\WindowsApps
USERNAME=Kaue
OS=Windows_NT
PROCESSOR_IDENTIFIER=AMD64 Family 25 Model 80 Stepping 0, AuthenticAMD



---------------  S Y S T E M  ---------------

OS: Windows 10 , 64 bit Build 19041 (10.0.19041.1889)
OS uptime: 4 days 19:43 hours

CPU:total 12 (initial active 12) (12 cores per cpu, 2 threads per core) family 25 model 80 stepping 0 microcode 0x0, cmov, cx8, fxsr, mmx, sse, sse2, sse3, ssse3, sse4.1, sse4.2, popcnt, avx, avx2, aes, clmul, erms, mmxext, 3dnowpref, lzcnt, sse4a, ht, tsc, tscinvbit, tscinv, bmi1, bmi2, adx, sha, fma

Memory: 4k page, system-wide physical 7572M (546M free)
TotalPageFile size 20812M (AvailPageFile size 22M)
current process WorkingSet (physical memory assigned to process): 447M, peak: 455M
current process commit charge ("private bytes"): 490M, peak: 525M

vm_info: OpenJDK 64-Bit Server VM (11.0.13+0-b1751.21-8125866) for windows-amd64 JRE (11.0.13+0-b1751.21-8125866), built on Feb  2 2022 03:00:22 by "builder" with MS VC++ 14.0 (VS2015)

END.
